<testsuites id="" name="" tests="46" failures="46" skipped="0" errors="0" time="17.917925999999998">
<testsuite name="admin/health-dashboard.spec.ts" timestamp="2025-08-26T18:37:10.435Z" hostname="chromium" tests="12" failures="12" skipped="0" time="0.059" errors="0">
<testcase name="Health Dashboard E2E › should display health dashboard correctly" classname="admin/health-dashboard.spec.ts" time="0.004">
<failure message="health-dashboard.spec.ts:13:3 should display health dashboard correctly" type="FAILURE">
<![CDATA[  [chromium] › admin/health-dashboard.spec.ts:13:3 › Health Dashboard E2E › should display health dashboard correctly 

    Error: browserType.launch: Failed to launch chromium because executable doesn't exist at /usr/bin/google-chrome
]]>
</failure>
</testcase>
<testcase name="Health Dashboard E2E › should display memory usage information when available" classname="admin/health-dashboard.spec.ts" time="0.005">
<failure message="health-dashboard.spec.ts:31:3 should display memory usage information when available" type="FAILURE">
<![CDATA[  [chromium] › admin/health-dashboard.spec.ts:31:3 › Health Dashboard E2E › should display memory usage information when available 

    Error: browserType.launch: Failed to launch chromium because executable doesn't exist at /usr/bin/google-chrome
]]>
</failure>
</testcase>
<testcase name="Health Dashboard E2E › should display feature status" classname="admin/health-dashboard.spec.ts" time="0.005">
<failure message="health-dashboard.spec.ts:49:3 should display feature status" type="FAILURE">
<![CDATA[  [chromium] › admin/health-dashboard.spec.ts:49:3 › Health Dashboard E2E › should display feature status 

    Error: browserType.launch: Failed to launch chromium because executable doesn't exist at /usr/bin/google-chrome
]]>
</failure>
</testcase>
<testcase name="Health Dashboard E2E › should display deployment information when available" classname="admin/health-dashboard.spec.ts" time="0.005">
<failure message="health-dashboard.spec.ts:61:3 should display deployment information when available" type="FAILURE">
<![CDATA[  [chromium] › admin/health-dashboard.spec.ts:61:3 › Health Dashboard E2E › should display deployment information when available 

    Error: browserType.launch: Failed to launch chromium because executable doesn't exist at /usr/bin/google-chrome
]]>
</failure>
</testcase>
<testcase name="Health Dashboard E2E › should display websocket connections" classname="admin/health-dashboard.spec.ts" time="0.005">
<failure message="health-dashboard.spec.ts:78:3 should display websocket connections" type="FAILURE">
<![CDATA[  [chromium] › admin/health-dashboard.spec.ts:78:3 › Health Dashboard E2E › should display websocket connections 

    Error: browserType.launch: Failed to launch chromium because executable doesn't exist at /usr/bin/google-chrome
]]>
</failure>
</testcase>
<testcase name="Health Dashboard E2E › should refresh data when refresh button is clicked" classname="admin/health-dashboard.spec.ts" time="0.005">
<failure message="health-dashboard.spec.ts:89:3 should refresh data when refresh button is clicked" type="FAILURE">
<![CDATA[  [chromium] › admin/health-dashboard.spec.ts:89:3 › Health Dashboard E2E › should refresh data when refresh button is clicked 

    Error: browserType.launch: Failed to launch chromium because executable doesn't exist at /usr/bin/google-chrome
]]>
</failure>
</testcase>
<testcase name="Health Dashboard E2E › should handle error state correctly" classname="admin/health-dashboard.spec.ts" time="0.005">
<failure message="health-dashboard.spec.ts:112:3 should handle error state correctly" type="FAILURE">
<![CDATA[  [chromium] › admin/health-dashboard.spec.ts:112:3 › Health Dashboard E2E › should handle error state correctly 

    Error: browserType.launch: Failed to launch chromium because executable doesn't exist at /usr/bin/google-chrome
]]>
</failure>
</testcase>
<testcase name="Health Dashboard E2E › should handle unhealthy status" classname="admin/health-dashboard.spec.ts" time="0.005">
<failure message="health-dashboard.spec.ts:133:3 should handle unhealthy status" type="FAILURE">
<![CDATA[  [chromium] › admin/health-dashboard.spec.ts:133:3 › Health Dashboard E2E › should handle unhealthy status 

    Error: browserType.launch: Failed to launch chromium because executable doesn't exist at /usr/bin/google-chrome
]]>
</failure>
</testcase>
<testcase name="Health Dashboard E2E › should auto-refresh every 30 seconds" classname="admin/health-dashboard.spec.ts" time="0.005">
<failure message="health-dashboard.spec.ts:179:3 should auto-refresh every 30 seconds" type="FAILURE">
<![CDATA[  [chromium] › admin/health-dashboard.spec.ts:179:3 › Health Dashboard E2E › should auto-refresh every 30 seconds 

    Error: browserType.launch: Failed to launch chromium because executable doesn't exist at /usr/bin/google-chrome
]]>
</failure>
</testcase>
<testcase name="Health Dashboard E2E › should display loading state during refresh" classname="admin/health-dashboard.spec.ts" time="0.005">
<failure message="health-dashboard.spec.ts:198:3 should display loading state during refresh" type="FAILURE">
<![CDATA[  [chromium] › admin/health-dashboard.spec.ts:198:3 › Health Dashboard E2E › should display loading state during refresh 

    Error: browserType.launch: Failed to launch chromium because executable doesn't exist at /usr/bin/google-chrome
]]>
</failure>
</testcase>
<testcase name="Health Dashboard E2E › should be accessible" classname="admin/health-dashboard.spec.ts" time="0.005">
<failure message="health-dashboard.spec.ts:229:3 should be accessible" type="FAILURE">
<![CDATA[  [chromium] › admin/health-dashboard.spec.ts:229:3 › Health Dashboard E2E › should be accessible ──

    Error: browserType.launch: Failed to launch chromium because executable doesn't exist at /usr/bin/google-chrome
]]>
</failure>
</testcase>
<testcase name="Health Dashboard E2E › should navigate between admin tabs" classname="admin/health-dashboard.spec.ts" time="0.005">
<failure message="health-dashboard.spec.ts:246:3 should navigate between admin tabs" type="FAILURE">
<![CDATA[  [chromium] › admin/health-dashboard.spec.ts:246:3 › Health Dashboard E2E › should navigate between admin tabs 

    Error: browserType.launch: Failed to launch chromium because executable doesn't exist at /usr/bin/google-chrome
]]>
</failure>
</testcase>
</testsuite>
<testsuite name="basic.e2e.test.ts" timestamp="2025-08-26T18:37:10.435Z" hostname="chromium" tests="2" failures="2" skipped="0" time="0.009" errors="0">
<testcase name="Basic E2E Tests › should load the homepage" classname="basic.e2e.test.ts" time="0.005">
<failure message="basic.e2e.test.ts:4:3 should load the homepage" type="FAILURE">
<![CDATA[  [chromium] › basic.e2e.test.ts:4:3 › Basic E2E Tests › should load the homepage ──────────────────

    Error: browserType.launch: Failed to launch chromium because executable doesn't exist at /usr/bin/google-chrome
]]>
</failure>
</testcase>
<testcase name="Basic E2E Tests › should verify test framework" classname="basic.e2e.test.ts" time="0.004">
<failure message="basic.e2e.test.ts:15:3 should verify test framework" type="FAILURE">
<![CDATA[  [chromium] › basic.e2e.test.ts:15:3 › Basic E2E Tests › should verify test framework ─────────────

    Error: browserType.launch: Failed to launch chromium because executable doesn't exist at /usr/bin/google-chrome
]]>
</failure>
</testcase>
</testsuite>
<testsuite name="debug-admin.spec.ts" timestamp="2025-08-26T18:37:10.435Z" hostname="chromium" tests="1" failures="1" skipped="0" time="0.004" errors="0">
<testcase name="debug admin page access" classname="debug-admin.spec.ts" time="0.004">
<failure message="debug-admin.spec.ts:4:1 debug admin page access" type="FAILURE">
<![CDATA[  [chromium] › debug-admin.spec.ts:4:1 › debug admin page access ───────────────────────────────────

    Error: browserType.launch: Failed to launch chromium because executable doesn't exist at /usr/bin/google-chrome
]]>
</failure>
</testcase>
</testsuite>
<testsuite name="debug-auth-status.spec.ts" timestamp="2025-08-26T18:37:10.435Z" hostname="chromium" tests="1" failures="1" skipped="0" time="0.005" errors="0">
<testcase name="debug authentication status and environment" classname="debug-auth-status.spec.ts" time="0.005">
<failure message="debug-auth-status.spec.ts:3:1 debug authentication status and environment" type="FAILURE">
<![CDATA[  [chromium] › debug-auth-status.spec.ts:3:1 › debug authentication status and environment ─────────

    Error: browserType.launch: Failed to launch chromium because executable doesn't exist at /usr/bin/google-chrome
]]>
</failure>
</testcase>
</testsuite>
<testsuite name="debug-auth-working.spec.ts" timestamp="2025-08-26T18:37:10.435Z" hostname="chromium" tests="1" failures="1" skipped="0" time="0.004" errors="0">
<testcase name="test working authentication with test@example.com" classname="debug-auth-working.spec.ts" time="0.004">
<failure message="debug-auth-working.spec.ts:3:1 test working authentication with test@example.com" type="FAILURE">
<![CDATA[  [chromium] › debug-auth-working.spec.ts:3:1 › test working authentication with test@example.com ──

    Error: browserType.launch: Failed to launch chromium because executable doesn't exist at /usr/bin/google-chrome
]]>
</failure>
</testcase>
</testsuite>
<testsuite name="debug-database-users.spec.ts" timestamp="2025-08-26T18:37:10.435Z" hostname="chromium" tests="1" failures="1" skipped="0" time="0.004" errors="0">
<testcase name="debug: check database users and authentication flow" classname="debug-database-users.spec.ts" time="0.004">
<failure message="debug-database-users.spec.ts:3:1 debug: check database users and authentication flow" type="FAILURE">
<![CDATA[  [chromium] › debug-database-users.spec.ts:3:1 › debug: check database users and authentication flow 

    Error: browserType.launch: Failed to launch chromium because executable doesn't exist at /usr/bin/google-chrome
]]>
</failure>
</testcase>
</testsuite>
<testsuite name="debug-login.spec.ts" timestamp="2025-08-26T18:37:10.435Z" hostname="chromium" tests="1" failures="1" skipped="0" time="0.004" errors="0">
<testcase name="debug login error handling" classname="debug-login.spec.ts" time="0.004">
<failure message="debug-login.spec.ts:3:1 debug login error handling" type="FAILURE">
<![CDATA[  [chromium] › debug-login.spec.ts:3:1 › debug login error handling ────────────────────────────────

    Error: browserType.launch: Failed to launch chromium because executable doesn't exist at /usr/bin/google-chrome
]]>
</failure>
</testcase>
</testsuite>
<testsuite name="debug-server-env.spec.ts" timestamp="2025-08-26T18:37:10.435Z" hostname="chromium" tests="1" failures="1" skipped="0" time="0.005" errors="0">
<testcase name="check server environment during test" classname="debug-server-env.spec.ts" time="0.005">
<failure message="debug-server-env.spec.ts:3:1 check server environment during test" type="FAILURE">
<![CDATA[  [chromium] › debug-server-env.spec.ts:3:1 › check server environment during test ─────────────────

    Error: browserType.launch: Failed to launch chromium because executable doesn't exist at /usr/bin/google-chrome
]]>
</failure>
</testcase>
</testsuite>
<testsuite name="debug-valid-login.spec.ts" timestamp="2025-08-26T18:37:10.435Z" hostname="chromium" tests="1" failures="1" skipped="0" time="0.008" errors="0">
<testcase name="debug valid credentials login" classname="debug-valid-login.spec.ts" time="0.008">
<failure message="debug-valid-login.spec.ts:3:1 debug valid credentials login" type="FAILURE">
<![CDATA[  [chromium] › debug-valid-login.spec.ts:3:1 › debug valid credentials login ───────────────────────

    Error: browserType.launch: Failed to launch chromium because executable doesn't exist at /usr/bin/google-chrome
]]>
</failure>
</testcase>
</testsuite>
<testsuite name="debug-work-orders.spec.ts" timestamp="2025-08-26T18:37:10.435Z" hostname="chromium" tests="1" failures="1" skipped="0" time="0.004" errors="0">
<testcase name="debug work order navigation" classname="debug-work-orders.spec.ts" time="0.004">
<failure message="debug-work-orders.spec.ts:5:1 debug work order navigation" type="FAILURE">
<![CDATA[  [chromium] › debug-work-orders.spec.ts:5:1 › debug work order navigation ─────────────────────────

    Error: browserType.launch: Failed to launch chromium because executable doesn't exist at /usr/bin/google-chrome
]]>
</failure>
</testcase>
</testsuite>
<testsuite name="debug-workorders.spec.ts" timestamp="2025-08-26T18:37:10.435Z" hostname="chromium" tests="1" failures="1" skipped="0" time="0.005" errors="0">
<testcase name="debug work order data" classname="debug-workorders.spec.ts" time="0.005">
<failure message="debug-workorders.spec.ts:3:1 debug work order data" type="FAILURE">
<![CDATA[  [chromium] › debug-workorders.spec.ts:3:1 › debug work order data ────────────────────────────────

    Error: browserType.launch: Failed to launch chromium because executable doesn't exist at /usr/bin/google-chrome
]]>
</failure>
</testcase>
</testsuite>
<testsuite name="main-flows.spec.ts" timestamp="2025-08-26T18:37:10.435Z" hostname="chromium" tests="19" failures="19" skipped="0" time="0.09" errors="0">
<testcase name="Authentication Flow › user can login and logout" classname="main-flows.spec.ts" time="0.004">
<failure message="main-flows.spec.ts:30:3 user can login and logout" type="FAILURE">
<![CDATA[  [chromium] › main-flows.spec.ts:30:3 › Authentication Flow › user can login and logout ───────────

    Error: browserType.launch: Failed to launch chromium because executable doesn't exist at /usr/bin/google-chrome
]]>
</failure>
</testcase>
<testcase name="Authentication Flow › shows error for invalid credentials" classname="main-flows.spec.ts" time="0.005">
<failure message="main-flows.spec.ts:58:3 shows error for invalid credentials" type="FAILURE">
<![CDATA[  [chromium] › main-flows.spec.ts:58:3 › Authentication Flow › shows error for invalid credentials ─

    Error: browserType.launch: Failed to launch chromium because executable doesn't exist at /usr/bin/google-chrome
]]>
</failure>
</testcase>
<testcase name="Work Order Management › technician can complete work order flow @smoke" classname="main-flows.spec.ts" time="0.005">
<failure message="main-flows.spec.ts:78:3 technician can complete work order flow @smoke" type="FAILURE">
<![CDATA[  [chromium] › main-flows.spec.ts:78:3 › Work Order Management › technician can complete work order flow @smoke 

    Error: browserType.launch: Failed to launch chromium because executable doesn't exist at /usr/bin/google-chrome
]]>
</failure>
</testcase>
<testcase name="Work Order Management › can create new work order" classname="main-flows.spec.ts" time="0.005">
<failure message="main-flows.spec.ts:114:3 can create new work order" type="FAILURE">
<![CDATA[  [chromium] › main-flows.spec.ts:114:3 › Work Order Management › can create new work order ────────

    Error: browserType.launch: Failed to launch chromium because executable doesn't exist at /usr/bin/google-chrome
]]>
</failure>
</testcase>
<testcase name="Work Order Management › can filter work orders" classname="main-flows.spec.ts" time="0.005">
<failure message="main-flows.spec.ts:149:3 can filter work orders" type="FAILURE">
<![CDATA[  [chromium] › main-flows.spec.ts:149:3 › Work Order Management › can filter work orders ───────────

    Error: browserType.launch: Failed to launch chromium because executable doesn't exist at /usr/bin/google-chrome
]]>
</failure>
</testcase>
<testcase name="Work Order Management › can search work orders" classname="main-flows.spec.ts" time="0.005">
<failure message="main-flows.spec.ts:168:3 can search work orders" type="FAILURE">
<![CDATA[  [chromium] › main-flows.spec.ts:168:3 › Work Order Management › can search work orders ───────────

    Error: browserType.launch: Failed to launch chromium because executable doesn't exist at /usr/bin/google-chrome
]]>
</failure>
</testcase>
<testcase name="Equipment Management › can view equipment list" classname="main-flows.spec.ts" time="0.005">
<failure message="main-flows.spec.ts:190:3 can view equipment list" type="FAILURE">
<![CDATA[  [chromium] › main-flows.spec.ts:190:3 › Equipment Management › can view equipment list ───────────

    Error: browserType.launch: Failed to launch chromium because executable doesn't exist at /usr/bin/google-chrome
]]>
</failure>
</testcase>
<testcase name="Equipment Management › can create new equipment" classname="main-flows.spec.ts" time="0.005">
<failure message="main-flows.spec.ts:199:3 can create new equipment" type="FAILURE">
<![CDATA[  [chromium] › main-flows.spec.ts:199:3 › Equipment Management › can create new equipment ──────────

    Error: browserType.launch: Failed to launch chromium because executable doesn't exist at /usr/bin/google-chrome
]]>
</failure>
</testcase>
<testcase name="Equipment Management › can scan QR code for equipment" classname="main-flows.spec.ts" time="0.004">
<failure message="main-flows.spec.ts:219:3 can scan QR code for equipment" type="FAILURE">
<![CDATA[  [chromium] › main-flows.spec.ts:219:3 › Equipment Management › can scan QR code for equipment ────

    Error: browserType.launch: Failed to launch chromium because executable doesn't exist at /usr/bin/google-chrome
]]>
</failure>
</testcase>
<testcase name="Dashboard and Analytics › displays dashboard metrics" classname="main-flows.spec.ts" time="0.005">
<failure message="main-flows.spec.ts:245:3 displays dashboard metrics" type="FAILURE">
<![CDATA[  [chromium] › main-flows.spec.ts:245:3 › Dashboard and Analytics › displays dashboard metrics ─────

    Error: browserType.launch: Failed to launch chromium because executable doesn't exist at /usr/bin/google-chrome
]]>
</failure>
</testcase>
<testcase name="Dashboard and Analytics › can filter dashboard by date range" classname="main-flows.spec.ts" time="0.005">
<failure message="main-flows.spec.ts:257:3 can filter dashboard by date range" type="FAILURE">
<![CDATA[  [chromium] › main-flows.spec.ts:257:3 › Dashboard and Analytics › can filter dashboard by date range 

    Error: browserType.launch: Failed to launch chromium because executable doesn't exist at /usr/bin/google-chrome
]]>
</failure>
</testcase>
<testcase name="Mobile Responsiveness › mobile navigation works correctly" classname="main-flows.spec.ts" time="0.005">
<failure message="main-flows.spec.ts:276:3 mobile navigation works correctly" type="FAILURE">
<![CDATA[  [chromium] › main-flows.spec.ts:276:3 › Mobile Responsiveness › mobile navigation works correctly 

    Error: browserType.launch: Failed to launch chromium because executable doesn't exist at /usr/bin/google-chrome
]]>
</failure>
</testcase>
<testcase name="Mobile Responsiveness › work order cards are touch-friendly" classname="main-flows.spec.ts" time="0.005">
<failure message="main-flows.spec.ts:295:3 work order cards are touch-friendly" type="FAILURE">
<![CDATA[  [chromium] › main-flows.spec.ts:295:3 › Mobile Responsiveness › work order cards are touch-friendly 

    Error: browserType.launch: Failed to launch chromium because executable doesn't exist at /usr/bin/google-chrome
]]>
</failure>
</testcase>
<testcase name="Offline Functionality › shows offline indicator when network is unavailable" classname="main-flows.spec.ts" time="0.005">
<failure message="main-flows.spec.ts:313:3 shows offline indicator when network is unavailable" type="FAILURE">
<![CDATA[  [chromium] › main-flows.spec.ts:313:3 › Offline Functionality › shows offline indicator when network is unavailable 

    Error: browserType.launch: Failed to launch chromium because executable doesn't exist at /usr/bin/google-chrome
]]>
</failure>
</testcase>
<testcase name="Offline Functionality › can complete work orders offline" classname="main-flows.spec.ts" time="0.005">
<failure message="main-flows.spec.ts:327:3 can complete work orders offline" type="FAILURE">
<![CDATA[  [chromium] › main-flows.spec.ts:327:3 › Offline Functionality › can complete work orders offline ─

    Error: browserType.launch: Failed to launch chromium because executable doesn't exist at /usr/bin/google-chrome
]]>
</failure>
</testcase>
<testcase name="Accessibility › supports keyboard navigation" classname="main-flows.spec.ts" time="0.005">
<failure message="main-flows.spec.ts:359:3 supports keyboard navigation" type="FAILURE">
<![CDATA[  [chromium] › main-flows.spec.ts:359:3 › Accessibility › supports keyboard navigation ─────────────

    Error: browserType.launch: Failed to launch chromium because executable doesn't exist at /usr/bin/google-chrome
]]>
</failure>
</testcase>
<testcase name="Accessibility › has proper focus indicators" classname="main-flows.spec.ts" time="0.004">
<failure message="main-flows.spec.ts:373:3 has proper focus indicators" type="FAILURE">
<![CDATA[  [chromium] › main-flows.spec.ts:373:3 › Accessibility › has proper focus indicators ──────────────

    Error: browserType.launch: Failed to launch chromium because executable doesn't exist at /usr/bin/google-chrome
]]>
</failure>
</testcase>
<testcase name="Performance › dashboard loads within acceptable time" classname="main-flows.spec.ts" time="0.004">
<failure message="main-flows.spec.ts:387:3 dashboard loads within acceptable time" type="FAILURE">
<![CDATA[  [chromium] › main-flows.spec.ts:387:3 › Performance › dashboard loads within acceptable time ─────

    Error: browserType.launch: Failed to launch chromium because executable doesn't exist at /usr/bin/google-chrome
]]>
</failure>
</testcase>
<testcase name="Performance › work order list handles large datasets" classname="main-flows.spec.ts" time="0.004">
<failure message="main-flows.spec.ts:401:3 work order list handles large datasets" type="FAILURE">
<![CDATA[  [chromium] › main-flows.spec.ts:401:3 › Performance › work order list handles large datasets ─────

    Error: browserType.launch: Failed to launch chromium because executable doesn't exist at /usr/bin/google-chrome
]]>
</failure>
</testcase>
</testsuite>
<testsuite name="minimal-test.spec.ts" timestamp="2025-08-26T18:37:10.435Z" hostname="chromium" tests="2" failures="2" skipped="0" time="0.009" errors="0">
<testcase name="minimal test - page loads" classname="minimal-test.spec.ts" time="0.004">
<failure message="minimal-test.spec.ts:3:1 minimal test - page loads" type="FAILURE">
<![CDATA[  [chromium] › minimal-test.spec.ts:3:1 › minimal test - page loads ────────────────────────────────

    Error: browserType.launch: Failed to launch chromium because executable doesn't exist at /usr/bin/google-chrome
]]>
</failure>
</testcase>
<testcase name="minimal login form test" classname="minimal-test.spec.ts" time="0.005">
<failure message="minimal-test.spec.ts:18:1 minimal login form test" type="FAILURE">
<![CDATA[  [chromium] › minimal-test.spec.ts:18:1 › minimal login form test ─────────────────────────────────

    Error: browserType.launch: Failed to launch chromium because executable doesn't exist at /usr/bin/google-chrome
]]>
</failure>
</testcase>
</testsuite>
<testsuite name="sanity.spec.ts" timestamp="2025-08-26T18:37:10.435Z" hostname="chromium" tests="1" failures="1" skipped="0" time="0.004" errors="0">
<testcase name="sanity: homepage loads and root element is visible" classname="sanity.spec.ts" time="0.004">
<failure message="sanity.spec.ts:3:1 sanity: homepage loads and root element is visible" type="FAILURE">
<![CDATA[  [chromium] › sanity.spec.ts:3:1 › sanity: homepage loads and root element is visible ─────────────

    Error: browserType.launch: Failed to launch chromium because executable doesn't exist at /usr/bin/google-chrome
]]>
</failure>
</testcase>
</testsuite>
<testsuite name="simple-test.spec.ts" timestamp="2025-08-26T18:37:10.435Z" hostname="chromium" tests="1" failures="1" skipped="0" time="0.004" errors="0">
<testcase name="browser test" classname="simple-test.spec.ts" time="0.004">
<failure message="simple-test.spec.ts:2:1 browser test" type="FAILURE">
<![CDATA[  [chromium] › simple-test.spec.ts:2:1 › browser test ──────────────────────────────────────────────

    Error: browserType.launch: Failed to launch chromium because executable doesn't exist at /usr/bin/google-chrome
]]>
</failure>
</testcase>
</testsuite>
</testsuites>