<testsuites id="" name="" tests="43" failures="42" skipped="1" errors="0" time="81.662227">
<testsuite name="admin/health-dashboard.spec.ts" timestamp="2025-08-26T01:26:08.048Z" hostname="chromium" tests="12" failures="12" skipped="0" time="0.154" errors="0">
<testcase name="Health Dashboard E2E › should display health dashboard correctly" classname="admin/health-dashboard.spec.ts" time="0.014">
<failure message="health-dashboard.spec.ts:51:3 should display health dashboard correctly" type="FAILURE">
<![CDATA[  [chromium] › admin/health-dashboard.spec.ts:51:3 › Health Dashboard E2E › should display health dashboard correctly 

    Error: browserType.launch: Executable doesn't exist at /home/runner/.cache/ms-playwright/chromium_headless_shell-1187/chrome-linux/headless_shell
    ╔═════════════════════════════════════════════════════════════════════════╗
    ║ Looks like Playwright Test or Playwright was just installed or updated. ║
    ║ Please run the following command to download new browsers:              ║
    ║                                                                         ║
    ║     npx playwright install                                              ║
    ║                                                                         ║
    ║ <3 Playwright Team                                                      ║
    ╚═════════════════════════════════════════════════════════════════════════╝

    Retry #1 ───────────────────────────────────────────────────────────────────────────────────────

    Error: browserType.launch: Executable doesn't exist at /home/runner/.cache/ms-playwright/chromium_headless_shell-1187/chrome-linux/headless_shell
    ╔═════════════════════════════════════════════════════════════════════════╗
    ║ Looks like Playwright Test or Playwright was just installed or updated. ║
    ║ Please run the following command to download new browsers:              ║
    ║                                                                         ║
    ║     npx playwright install                                              ║
    ║                                                                         ║
    ║ <3 Playwright Team                                                      ║
    ╚═════════════════════════════════════════════════════════════════════════╝

    Retry #2 ───────────────────────────────────────────────────────────────────────────────────────

    Error: browserType.launch: Executable doesn't exist at /home/runner/.cache/ms-playwright/chromium_headless_shell-1187/chrome-linux/headless_shell
    ╔═════════════════════════════════════════════════════════════════════════╗
    ║ Looks like Playwright Test or Playwright was just installed or updated. ║
    ║ Please run the following command to download new browsers:              ║
    ║                                                                         ║
    ║     npx playwright install                                              ║
    ║                                                                         ║
    ║ <3 Playwright Team                                                      ║
    ╚═════════════════════════════════════════════════════════════════════════╝
]]>
</failure>
</testcase>
<testcase name="Health Dashboard E2E › should display memory usage information" classname="admin/health-dashboard.spec.ts" time="0.014">
<failure message="health-dashboard.spec.ts:69:3 should display memory usage information" type="FAILURE">
<![CDATA[  [chromium] › admin/health-dashboard.spec.ts:69:3 › Health Dashboard E2E › should display memory usage information 

    Error: browserType.launch: Executable doesn't exist at /home/runner/.cache/ms-playwright/chromium_headless_shell-1187/chrome-linux/headless_shell
    ╔═════════════════════════════════════════════════════════════════════════╗
    ║ Looks like Playwright Test or Playwright was just installed or updated. ║
    ║ Please run the following command to download new browsers:              ║
    ║                                                                         ║
    ║     npx playwright install                                              ║
    ║                                                                         ║
    ║ <3 Playwright Team                                                      ║
    ╚═════════════════════════════════════════════════════════════════════════╝

    Retry #1 ───────────────────────────────────────────────────────────────────────────────────────

    Error: browserType.launch: Executable doesn't exist at /home/runner/.cache/ms-playwright/chromium_headless_shell-1187/chrome-linux/headless_shell
    ╔═════════════════════════════════════════════════════════════════════════╗
    ║ Looks like Playwright Test or Playwright was just installed or updated. ║
    ║ Please run the following command to download new browsers:              ║
    ║                                                                         ║
    ║     npx playwright install                                              ║
    ║                                                                         ║
    ║ <3 Playwright Team                                                      ║
    ╚═════════════════════════════════════════════════════════════════════════╝

    Retry #2 ───────────────────────────────────────────────────────────────────────────────────────

    Error: browserType.launch: Executable doesn't exist at /home/runner/.cache/ms-playwright/chromium_headless_shell-1187/chrome-linux/headless_shell
    ╔═════════════════════════════════════════════════════════════════════════╗
    ║ Looks like Playwright Test or Playwright was just installed or updated. ║
    ║ Please run the following command to download new browsers:              ║
    ║                                                                         ║
    ║     npx playwright install                                              ║
    ║                                                                         ║
    ║ <3 Playwright Team                                                      ║
    ╚═════════════════════════════════════════════════════════════════════════╝
]]>
</failure>
</testcase>
<testcase name="Health Dashboard E2E › should display feature status" classname="admin/health-dashboard.spec.ts" time="0.013">
<failure message="health-dashboard.spec.ts:79:3 should display feature status" type="FAILURE">
<![CDATA[  [chromium] › admin/health-dashboard.spec.ts:79:3 › Health Dashboard E2E › should display feature status 

    Error: browserType.launch: Executable doesn't exist at /home/runner/.cache/ms-playwright/chromium_headless_shell-1187/chrome-linux/headless_shell
    ╔═════════════════════════════════════════════════════════════════════════╗
    ║ Looks like Playwright Test or Playwright was just installed or updated. ║
    ║ Please run the following command to download new browsers:              ║
    ║                                                                         ║
    ║     npx playwright install                                              ║
    ║                                                                         ║
    ║ <3 Playwright Team                                                      ║
    ╚═════════════════════════════════════════════════════════════════════════╝

    Retry #1 ───────────────────────────────────────────────────────────────────────────────────────

    Error: browserType.launch: Executable doesn't exist at /home/runner/.cache/ms-playwright/chromium_headless_shell-1187/chrome-linux/headless_shell
    ╔═════════════════════════════════════════════════════════════════════════╗
    ║ Looks like Playwright Test or Playwright was just installed or updated. ║
    ║ Please run the following command to download new browsers:              ║
    ║                                                                         ║
    ║     npx playwright install                                              ║
    ║                                                                         ║
    ║ <3 Playwright Team                                                      ║
    ╚═════════════════════════════════════════════════════════════════════════╝

    Retry #2 ───────────────────────────────────────────────────────────────────────────────────────

    Error: browserType.launch: Executable doesn't exist at /home/runner/.cache/ms-playwright/chromium_headless_shell-1187/chrome-linux/headless_shell
    ╔═════════════════════════════════════════════════════════════════════════╗
    ║ Looks like Playwright Test or Playwright was just installed or updated. ║
    ║ Please run the following command to download new browsers:              ║
    ║                                                                         ║
    ║     npx playwright install                                              ║
    ║                                                                         ║
    ║ <3 Playwright Team                                                      ║
    ╚═════════════════════════════════════════════════════════════════════════╝
]]>
</failure>
</testcase>
<testcase name="Health Dashboard E2E › should display deployment information" classname="admin/health-dashboard.spec.ts" time="0.014">
<failure message="health-dashboard.spec.ts:97:3 should display deployment information" type="FAILURE">
<![CDATA[  [chromium] › admin/health-dashboard.spec.ts:97:3 › Health Dashboard E2E › should display deployment information 

    Error: browserType.launch: Executable doesn't exist at /home/runner/.cache/ms-playwright/chromium_headless_shell-1187/chrome-linux/headless_shell
    ╔═════════════════════════════════════════════════════════════════════════╗
    ║ Looks like Playwright Test or Playwright was just installed or updated. ║
    ║ Please run the following command to download new browsers:              ║
    ║                                                                         ║
    ║     npx playwright install                                              ║
    ║                                                                         ║
    ║ <3 Playwright Team                                                      ║
    ╚═════════════════════════════════════════════════════════════════════════╝

    Retry #1 ───────────────────────────────────────────────────────────────────────────────────────

    Error: browserType.launch: Executable doesn't exist at /home/runner/.cache/ms-playwright/chromium_headless_shell-1187/chrome-linux/headless_shell
    ╔═════════════════════════════════════════════════════════════════════════╗
    ║ Looks like Playwright Test or Playwright was just installed or updated. ║
    ║ Please run the following command to download new browsers:              ║
    ║                                                                         ║
    ║     npx playwright install                                              ║
    ║                                                                         ║
    ║ <3 Playwright Team                                                      ║
    ╚═════════════════════════════════════════════════════════════════════════╝

    Retry #2 ───────────────────────────────────────────────────────────────────────────────────────

    Error: browserType.launch: Executable doesn't exist at /home/runner/.cache/ms-playwright/chromium_headless_shell-1187/chrome-linux/headless_shell
    ╔═════════════════════════════════════════════════════════════════════════╗
    ║ Looks like Playwright Test or Playwright was just installed or updated. ║
    ║ Please run the following command to download new browsers:              ║
    ║                                                                         ║
    ║     npx playwright install                                              ║
    ║                                                                         ║
    ║ <3 Playwright Team                                                      ║
    ╚═════════════════════════════════════════════════════════════════════════╝
]]>
</failure>
</testcase>
<testcase name="Health Dashboard E2E › should display websocket connections" classname="admin/health-dashboard.spec.ts" time="0.013">
<failure message="health-dashboard.spec.ts:107:3 should display websocket connections" type="FAILURE">
<![CDATA[  [chromium] › admin/health-dashboard.spec.ts:107:3 › Health Dashboard E2E › should display websocket connections 

    Error: browserType.launch: Executable doesn't exist at /home/runner/.cache/ms-playwright/chromium_headless_shell-1187/chrome-linux/headless_shell
    ╔═════════════════════════════════════════════════════════════════════════╗
    ║ Looks like Playwright Test or Playwright was just installed or updated. ║
    ║ Please run the following command to download new browsers:              ║
    ║                                                                         ║
    ║     npx playwright install                                              ║
    ║                                                                         ║
    ║ <3 Playwright Team                                                      ║
    ╚═════════════════════════════════════════════════════════════════════════╝

    Retry #1 ───────────────────────────────────────────────────────────────────────────────────────

    Error: browserType.launch: Executable doesn't exist at /home/runner/.cache/ms-playwright/chromium_headless_shell-1187/chrome-linux/headless_shell
    ╔═════════════════════════════════════════════════════════════════════════╗
    ║ Looks like Playwright Test or Playwright was just installed or updated. ║
    ║ Please run the following command to download new browsers:              ║
    ║                                                                         ║
    ║     npx playwright install                                              ║
    ║                                                                         ║
    ║ <3 Playwright Team                                                      ║
    ╚═════════════════════════════════════════════════════════════════════════╝

    Retry #2 ───────────────────────────────────────────────────────────────────────────────────────

    Error: browserType.launch: Executable doesn't exist at /home/runner/.cache/ms-playwright/chromium_headless_shell-1187/chrome-linux/headless_shell
    ╔═════════════════════════════════════════════════════════════════════════╗
    ║ Looks like Playwright Test or Playwright was just installed or updated. ║
    ║ Please run the following command to download new browsers:              ║
    ║                                                                         ║
    ║     npx playwright install                                              ║
    ║                                                                         ║
    ║ <3 Playwright Team                                                      ║
    ╚═════════════════════════════════════════════════════════════════════════╝
]]>
</failure>
</testcase>
<testcase name="Health Dashboard E2E › should refresh data when refresh button is clicked" classname="admin/health-dashboard.spec.ts" time="0.013">
<failure message="health-dashboard.spec.ts:118:3 should refresh data when refresh button is clicked" type="FAILURE">
<![CDATA[  [chromium] › admin/health-dashboard.spec.ts:118:3 › Health Dashboard E2E › should refresh data when refresh button is clicked 

    Error: browserType.launch: Executable doesn't exist at /home/runner/.cache/ms-playwright/chromium_headless_shell-1187/chrome-linux/headless_shell
    ╔═════════════════════════════════════════════════════════════════════════╗
    ║ Looks like Playwright Test or Playwright was just installed or updated. ║
    ║ Please run the following command to download new browsers:              ║
    ║                                                                         ║
    ║     npx playwright install                                              ║
    ║                                                                         ║
    ║ <3 Playwright Team                                                      ║
    ╚═════════════════════════════════════════════════════════════════════════╝

    Retry #1 ───────────────────────────────────────────────────────────────────────────────────────

    Error: browserType.launch: Executable doesn't exist at /home/runner/.cache/ms-playwright/chromium_headless_shell-1187/chrome-linux/headless_shell
    ╔═════════════════════════════════════════════════════════════════════════╗
    ║ Looks like Playwright Test or Playwright was just installed or updated. ║
    ║ Please run the following command to download new browsers:              ║
    ║                                                                         ║
    ║     npx playwright install                                              ║
    ║                                                                         ║
    ║ <3 Playwright Team                                                      ║
    ╚═════════════════════════════════════════════════════════════════════════╝

    Retry #2 ───────────────────────────────────────────────────────────────────────────────────────

    Error: browserType.launch: Executable doesn't exist at /home/runner/.cache/ms-playwright/chromium_headless_shell-1187/chrome-linux/headless_shell
    ╔═════════════════════════════════════════════════════════════════════════╗
    ║ Looks like Playwright Test or Playwright was just installed or updated. ║
    ║ Please run the following command to download new browsers:              ║
    ║                                                                         ║
    ║     npx playwright install                                              ║
    ║                                                                         ║
    ║ <3 Playwright Team                                                      ║
    ╚═════════════════════════════════════════════════════════════════════════╝
]]>
</failure>
</testcase>
<testcase name="Health Dashboard E2E › should handle error state correctly" classname="admin/health-dashboard.spec.ts" time="0.013">
<failure message="health-dashboard.spec.ts:141:3 should handle error state correctly" type="FAILURE">
<![CDATA[  [chromium] › admin/health-dashboard.spec.ts:141:3 › Health Dashboard E2E › should handle error state correctly 

    Error: browserType.launch: Executable doesn't exist at /home/runner/.cache/ms-playwright/chromium_headless_shell-1187/chrome-linux/headless_shell
    ╔═════════════════════════════════════════════════════════════════════════╗
    ║ Looks like Playwright Test or Playwright was just installed or updated. ║
    ║ Please run the following command to download new browsers:              ║
    ║                                                                         ║
    ║     npx playwright install                                              ║
    ║                                                                         ║
    ║ <3 Playwright Team                                                      ║
    ╚═════════════════════════════════════════════════════════════════════════╝

    Retry #1 ───────────────────────────────────────────────────────────────────────────────────────

    Error: browserType.launch: Executable doesn't exist at /home/runner/.cache/ms-playwright/chromium_headless_shell-1187/chrome-linux/headless_shell
    ╔═════════════════════════════════════════════════════════════════════════╗
    ║ Looks like Playwright Test or Playwright was just installed or updated. ║
    ║ Please run the following command to download new browsers:              ║
    ║                                                                         ║
    ║     npx playwright install                                              ║
    ║                                                                         ║
    ║ <3 Playwright Team                                                      ║
    ╚═════════════════════════════════════════════════════════════════════════╝

    Retry #2 ───────────────────────────────────────────────────────────────────────────────────────

    Error: browserType.launch: Executable doesn't exist at /home/runner/.cache/ms-playwright/chromium_headless_shell-1187/chrome-linux/headless_shell
    ╔═════════════════════════════════════════════════════════════════════════╗
    ║ Looks like Playwright Test or Playwright was just installed or updated. ║
    ║ Please run the following command to download new browsers:              ║
    ║                                                                         ║
    ║     npx playwright install                                              ║
    ║                                                                         ║
    ║ <3 Playwright Team                                                      ║
    ╚═════════════════════════════════════════════════════════════════════════╝
]]>
</failure>
</testcase>
<testcase name="Health Dashboard E2E › should handle unhealthy status" classname="admin/health-dashboard.spec.ts" time="0.012">
<failure message="health-dashboard.spec.ts:160:3 should handle unhealthy status" type="FAILURE">
<![CDATA[  [chromium] › admin/health-dashboard.spec.ts:160:3 › Health Dashboard E2E › should handle unhealthy status 

    Error: browserType.launch: Executable doesn't exist at /home/runner/.cache/ms-playwright/chromium_headless_shell-1187/chrome-linux/headless_shell
    ╔═════════════════════════════════════════════════════════════════════════╗
    ║ Looks like Playwright Test or Playwright was just installed or updated. ║
    ║ Please run the following command to download new browsers:              ║
    ║                                                                         ║
    ║     npx playwright install                                              ║
    ║                                                                         ║
    ║ <3 Playwright Team                                                      ║
    ╚═════════════════════════════════════════════════════════════════════════╝

    Retry #1 ───────────────────────────────────────────────────────────────────────────────────────

    Error: browserType.launch: Executable doesn't exist at /home/runner/.cache/ms-playwright/chromium_headless_shell-1187/chrome-linux/headless_shell
    ╔═════════════════════════════════════════════════════════════════════════╗
    ║ Looks like Playwright Test or Playwright was just installed or updated. ║
    ║ Please run the following command to download new browsers:              ║
    ║                                                                         ║
    ║     npx playwright install                                              ║
    ║                                                                         ║
    ║ <3 Playwright Team                                                      ║
    ╚═════════════════════════════════════════════════════════════════════════╝

    Retry #2 ───────────────────────────────────────────────────────────────────────────────────────

    Error: browserType.launch: Executable doesn't exist at /home/runner/.cache/ms-playwright/chromium_headless_shell-1187/chrome-linux/headless_shell
    ╔═════════════════════════════════════════════════════════════════════════╗
    ║ Looks like Playwright Test or Playwright was just installed or updated. ║
    ║ Please run the following command to download new browsers:              ║
    ║                                                                         ║
    ║     npx playwright install                                              ║
    ║                                                                         ║
    ║ <3 Playwright Team                                                      ║
    ╚═════════════════════════════════════════════════════════════════════════╝
]]>
</failure>
</testcase>
<testcase name="Health Dashboard E2E › should auto-refresh every 30 seconds" classname="admin/health-dashboard.spec.ts" time="0.012">
<failure message="health-dashboard.spec.ts:204:3 should auto-refresh every 30 seconds" type="FAILURE">
<![CDATA[  [chromium] › admin/health-dashboard.spec.ts:204:3 › Health Dashboard E2E › should auto-refresh every 30 seconds 

    Error: browserType.launch: Executable doesn't exist at /home/runner/.cache/ms-playwright/chromium_headless_shell-1187/chrome-linux/headless_shell
    ╔═════════════════════════════════════════════════════════════════════════╗
    ║ Looks like Playwright Test or Playwright was just installed or updated. ║
    ║ Please run the following command to download new browsers:              ║
    ║                                                                         ║
    ║     npx playwright install                                              ║
    ║                                                                         ║
    ║ <3 Playwright Team                                                      ║
    ╚═════════════════════════════════════════════════════════════════════════╝

    Retry #1 ───────────────────────────────────────────────────────────────────────────────────────

    Error: browserType.launch: Executable doesn't exist at /home/runner/.cache/ms-playwright/chromium_headless_shell-1187/chrome-linux/headless_shell
    ╔═════════════════════════════════════════════════════════════════════════╗
    ║ Looks like Playwright Test or Playwright was just installed or updated. ║
    ║ Please run the following command to download new browsers:              ║
    ║                                                                         ║
    ║     npx playwright install                                              ║
    ║                                                                         ║
    ║ <3 Playwright Team                                                      ║
    ╚═════════════════════════════════════════════════════════════════════════╝

    Retry #2 ───────────────────────────────────────────────────────────────────────────────────────

    Error: browserType.launch: Executable doesn't exist at /home/runner/.cache/ms-playwright/chromium_headless_shell-1187/chrome-linux/headless_shell
    ╔═════════════════════════════════════════════════════════════════════════╗
    ║ Looks like Playwright Test or Playwright was just installed or updated. ║
    ║ Please run the following command to download new browsers:              ║
    ║                                                                         ║
    ║     npx playwright install                                              ║
    ║                                                                         ║
    ║ <3 Playwright Team                                                      ║
    ╚═════════════════════════════════════════════════════════════════════════╝
]]>
</failure>
</testcase>
<testcase name="Health Dashboard E2E › should display loading state during refresh" classname="admin/health-dashboard.spec.ts" time="0.012">
<failure message="health-dashboard.spec.ts:223:3 should display loading state during refresh" type="FAILURE">
<![CDATA[  [chromium] › admin/health-dashboard.spec.ts:223:3 › Health Dashboard E2E › should display loading state during refresh 

    Error: browserType.launch: Executable doesn't exist at /home/runner/.cache/ms-playwright/chromium_headless_shell-1187/chrome-linux/headless_shell
    ╔═════════════════════════════════════════════════════════════════════════╗
    ║ Looks like Playwright Test or Playwright was just installed or updated. ║
    ║ Please run the following command to download new browsers:              ║
    ║                                                                         ║
    ║     npx playwright install                                              ║
    ║                                                                         ║
    ║ <3 Playwright Team                                                      ║
    ╚═════════════════════════════════════════════════════════════════════════╝

    Retry #1 ───────────────────────────────────────────────────────────────────────────────────────

    Error: browserType.launch: Executable doesn't exist at /home/runner/.cache/ms-playwright/chromium_headless_shell-1187/chrome-linux/headless_shell
    ╔═════════════════════════════════════════════════════════════════════════╗
    ║ Looks like Playwright Test or Playwright was just installed or updated. ║
    ║ Please run the following command to download new browsers:              ║
    ║                                                                         ║
    ║     npx playwright install                                              ║
    ║                                                                         ║
    ║ <3 Playwright Team                                                      ║
    ╚═════════════════════════════════════════════════════════════════════════╝

    Retry #2 ───────────────────────────────────────────────────────────────────────────────────────

    Error: browserType.launch: Executable doesn't exist at /home/runner/.cache/ms-playwright/chromium_headless_shell-1187/chrome-linux/headless_shell
    ╔═════════════════════════════════════════════════════════════════════════╗
    ║ Looks like Playwright Test or Playwright was just installed or updated. ║
    ║ Please run the following command to download new browsers:              ║
    ║                                                                         ║
    ║     npx playwright install                                              ║
    ║                                                                         ║
    ║ <3 Playwright Team                                                      ║
    ╚═════════════════════════════════════════════════════════════════════════╝
]]>
</failure>
</testcase>
<testcase name="Health Dashboard E2E › should be accessible" classname="admin/health-dashboard.spec.ts" time="0.012">
<failure message="health-dashboard.spec.ts:254:3 should be accessible" type="FAILURE">
<![CDATA[  [chromium] › admin/health-dashboard.spec.ts:254:3 › Health Dashboard E2E › should be accessible ──

    Error: browserType.launch: Executable doesn't exist at /home/runner/.cache/ms-playwright/chromium_headless_shell-1187/chrome-linux/headless_shell
    ╔═════════════════════════════════════════════════════════════════════════╗
    ║ Looks like Playwright Test or Playwright was just installed or updated. ║
    ║ Please run the following command to download new browsers:              ║
    ║                                                                         ║
    ║     npx playwright install                                              ║
    ║                                                                         ║
    ║ <3 Playwright Team                                                      ║
    ╚═════════════════════════════════════════════════════════════════════════╝

    Retry #1 ───────────────────────────────────────────────────────────────────────────────────────

    Error: browserType.launch: Executable doesn't exist at /home/runner/.cache/ms-playwright/chromium_headless_shell-1187/chrome-linux/headless_shell
    ╔═════════════════════════════════════════════════════════════════════════╗
    ║ Looks like Playwright Test or Playwright was just installed or updated. ║
    ║ Please run the following command to download new browsers:              ║
    ║                                                                         ║
    ║     npx playwright install                                              ║
    ║                                                                         ║
    ║ <3 Playwright Team                                                      ║
    ╚═════════════════════════════════════════════════════════════════════════╝

    Retry #2 ───────────────────────────────────────────────────────────────────────────────────────

    Error: browserType.launch: Executable doesn't exist at /home/runner/.cache/ms-playwright/chromium_headless_shell-1187/chrome-linux/headless_shell
    ╔═════════════════════════════════════════════════════════════════════════╗
    ║ Looks like Playwright Test or Playwright was just installed or updated. ║
    ║ Please run the following command to download new browsers:              ║
    ║                                                                         ║
    ║     npx playwright install                                              ║
    ║                                                                         ║
    ║ <3 Playwright Team                                                      ║
    ╚═════════════════════════════════════════════════════════════════════════╝
]]>
</failure>
</testcase>
<testcase name="Health Dashboard E2E › should navigate between admin tabs" classname="admin/health-dashboard.spec.ts" time="0.012">
<failure message="health-dashboard.spec.ts:271:3 should navigate between admin tabs" type="FAILURE">
<![CDATA[  [chromium] › admin/health-dashboard.spec.ts:271:3 › Health Dashboard E2E › should navigate between admin tabs 

    Error: browserType.launch: Executable doesn't exist at /home/runner/.cache/ms-playwright/chromium_headless_shell-1187/chrome-linux/headless_shell
    ╔═════════════════════════════════════════════════════════════════════════╗
    ║ Looks like Playwright Test or Playwright was just installed or updated. ║
    ║ Please run the following command to download new browsers:              ║
    ║                                                                         ║
    ║     npx playwright install                                              ║
    ║                                                                         ║
    ║ <3 Playwright Team                                                      ║
    ╚═════════════════════════════════════════════════════════════════════════╝

    Retry #1 ───────────────────────────────────────────────────────────────────────────────────────

    Error: browserType.launch: Executable doesn't exist at /home/runner/.cache/ms-playwright/chromium_headless_shell-1187/chrome-linux/headless_shell
    ╔═════════════════════════════════════════════════════════════════════════╗
    ║ Looks like Playwright Test or Playwright was just installed or updated. ║
    ║ Please run the following command to download new browsers:              ║
    ║                                                                         ║
    ║     npx playwright install                                              ║
    ║                                                                         ║
    ║ <3 Playwright Team                                                      ║
    ╚═════════════════════════════════════════════════════════════════════════╝

    Retry #2 ───────────────────────────────────────────────────────────────────────────────────────

    Error: browserType.launch: Executable doesn't exist at /home/runner/.cache/ms-playwright/chromium_headless_shell-1187/chrome-linux/headless_shell
    ╔═════════════════════════════════════════════════════════════════════════╗
    ║ Looks like Playwright Test or Playwright was just installed or updated. ║
    ║ Please run the following command to download new browsers:              ║
    ║                                                                         ║
    ║     npx playwright install                                              ║
    ║                                                                         ║
    ║ <3 Playwright Team                                                      ║
    ╚═════════════════════════════════════════════════════════════════════════╝
]]>
</failure>
</testcase>
</testsuite>
<testsuite name="basic.e2e.test.ts" timestamp="2025-08-26T01:26:08.048Z" hostname="chromium" tests="4" failures="3" skipped="1" time="0.038" errors="0">
<testcase name="Basic E2E Tests › should load the homepage" classname="basic.e2e.test.ts" time="0">
<properties>
<property name="skip" value="">
</property>
</properties>
<skipped>
</skipped>
</testcase>
<testcase name="Basic E2E Tests › should verify test framework" classname="basic.e2e.test.ts" time="0.012">
<failure message="basic.e2e.test.ts:16:3 should verify test framework" type="FAILURE">
<![CDATA[  [chromium] › basic.e2e.test.ts:16:3 › Basic E2E Tests › should verify test framework ─────────────

    Error: browserType.launch: Executable doesn't exist at /home/runner/.cache/ms-playwright/chromium_headless_shell-1187/chrome-linux/headless_shell
    ╔═════════════════════════════════════════════════════════════════════════╗
    ║ Looks like Playwright Test or Playwright was just installed or updated. ║
    ║ Please run the following command to download new browsers:              ║
    ║                                                                         ║
    ║     npx playwright install                                              ║
    ║                                                                         ║
    ║ <3 Playwright Team                                                      ║
    ╚═════════════════════════════════════════════════════════════════════════╝

    Retry #1 ───────────────────────────────────────────────────────────────────────────────────────

    Error: browserType.launch: Executable doesn't exist at /home/runner/.cache/ms-playwright/chromium_headless_shell-1187/chrome-linux/headless_shell
    ╔═════════════════════════════════════════════════════════════════════════╗
    ║ Looks like Playwright Test or Playwright was just installed or updated. ║
    ║ Please run the following command to download new browsers:              ║
    ║                                                                         ║
    ║     npx playwright install                                              ║
    ║                                                                         ║
    ║ <3 Playwright Team                                                      ║
    ╚═════════════════════════════════════════════════════════════════════════╝

    Retry #2 ───────────────────────────────────────────────────────────────────────────────────────

    Error: browserType.launch: Executable doesn't exist at /home/runner/.cache/ms-playwright/chromium_headless_shell-1187/chrome-linux/headless_shell
    ╔═════════════════════════════════════════════════════════════════════════╗
    ║ Looks like Playwright Test or Playwright was just installed or updated. ║
    ║ Please run the following command to download new browsers:              ║
    ║                                                                         ║
    ║     npx playwright install                                              ║
    ║                                                                         ║
    ║ <3 Playwright Team                                                      ║
    ╚═════════════════════════════════════════════════════════════════════════╝
]]>
</failure>
</testcase>
<testcase name="Responsive Design Tests › should work on mobile viewport" classname="basic.e2e.test.ts" time="0.013">
<failure message="basic.e2e.test.ts:24:3 should work on mobile viewport" type="FAILURE">
<![CDATA[  [chromium] › basic.e2e.test.ts:24:3 › Responsive Design Tests › should work on mobile viewport ───

    Error: browserType.launch: Executable doesn't exist at /home/runner/.cache/ms-playwright/chromium_headless_shell-1187/chrome-linux/headless_shell
    ╔═════════════════════════════════════════════════════════════════════════╗
    ║ Looks like Playwright Test or Playwright was just installed or updated. ║
    ║ Please run the following command to download new browsers:              ║
    ║                                                                         ║
    ║     npx playwright install                                              ║
    ║                                                                         ║
    ║ <3 Playwright Team                                                      ║
    ╚═════════════════════════════════════════════════════════════════════════╝

    Retry #1 ───────────────────────────────────────────────────────────────────────────────────────

    Error: browserType.launch: Executable doesn't exist at /home/runner/.cache/ms-playwright/chromium_headless_shell-1187/chrome-linux/headless_shell
    ╔═════════════════════════════════════════════════════════════════════════╗
    ║ Looks like Playwright Test or Playwright was just installed or updated. ║
    ║ Please run the following command to download new browsers:              ║
    ║                                                                         ║
    ║     npx playwright install                                              ║
    ║                                                                         ║
    ║ <3 Playwright Team                                                      ║
    ╚═════════════════════════════════════════════════════════════════════════╝

    Retry #2 ───────────────────────────────────────────────────────────────────────────────────────

    Error: browserType.launch: Executable doesn't exist at /home/runner/.cache/ms-playwright/chromium_headless_shell-1187/chrome-linux/headless_shell
    ╔═════════════════════════════════════════════════════════════════════════╗
    ║ Looks like Playwright Test or Playwright was just installed or updated. ║
    ║ Please run the following command to download new browsers:              ║
    ║                                                                         ║
    ║     npx playwright install                                              ║
    ║                                                                         ║
    ║ <3 Playwright Team                                                      ║
    ╚═════════════════════════════════════════════════════════════════════════╝
]]>
</failure>
</testcase>
<testcase name="Responsive Design Tests › should work on desktop viewport" classname="basic.e2e.test.ts" time="0.013">
<failure message="basic.e2e.test.ts:33:3 should work on desktop viewport" type="FAILURE">
<![CDATA[  [chromium] › basic.e2e.test.ts:33:3 › Responsive Design Tests › should work on desktop viewport ──

    Error: browserType.launch: Executable doesn't exist at /home/runner/.cache/ms-playwright/chromium_headless_shell-1187/chrome-linux/headless_shell
    ╔═════════════════════════════════════════════════════════════════════════╗
    ║ Looks like Playwright Test or Playwright was just installed or updated. ║
    ║ Please run the following command to download new browsers:              ║
    ║                                                                         ║
    ║     npx playwright install                                              ║
    ║                                                                         ║
    ║ <3 Playwright Team                                                      ║
    ╚═════════════════════════════════════════════════════════════════════════╝

    Retry #1 ───────────────────────────────────────────────────────────────────────────────────────

    Error: browserType.launch: Executable doesn't exist at /home/runner/.cache/ms-playwright/chromium_headless_shell-1187/chrome-linux/headless_shell
    ╔═════════════════════════════════════════════════════════════════════════╗
    ║ Looks like Playwright Test or Playwright was just installed or updated. ║
    ║ Please run the following command to download new browsers:              ║
    ║                                                                         ║
    ║     npx playwright install                                              ║
    ║                                                                         ║
    ║ <3 Playwright Team                                                      ║
    ╚═════════════════════════════════════════════════════════════════════════╝

    Retry #2 ───────────────────────────────────────────────────────────────────────────────────────

    Error: browserType.launch: Executable doesn't exist at /home/runner/.cache/ms-playwright/chromium_headless_shell-1187/chrome-linux/headless_shell
    ╔═════════════════════════════════════════════════════════════════════════╗
    ║ Looks like Playwright Test or Playwright was just installed or updated. ║
    ║ Please run the following command to download new browsers:              ║
    ║                                                                         ║
    ║     npx playwright install                                              ║
    ║                                                                         ║
    ║ <3 Playwright Team                                                      ║
    ╚═════════════════════════════════════════════════════════════════════════╝
]]>
</failure>
</testcase>
</testsuite>
<testsuite name="debug-auth-status.spec.ts" timestamp="2025-08-26T01:26:08.048Z" hostname="chromium" tests="1" failures="1" skipped="0" time="0.012" errors="0">
<testcase name="debug authentication status and environment" classname="debug-auth-status.spec.ts" time="0.012">
<failure message="debug-auth-status.spec.ts:3:1 debug authentication status and environment" type="FAILURE">
<![CDATA[  [chromium] › debug-auth-status.spec.ts:3:1 › debug authentication status and environment ─────────

    Error: browserType.launch: Executable doesn't exist at /home/runner/.cache/ms-playwright/chromium_headless_shell-1187/chrome-linux/headless_shell
    ╔═════════════════════════════════════════════════════════════════════════╗
    ║ Looks like Playwright Test or Playwright was just installed or updated. ║
    ║ Please run the following command to download new browsers:              ║
    ║                                                                         ║
    ║     npx playwright install                                              ║
    ║                                                                         ║
    ║ <3 Playwright Team                                                      ║
    ╚═════════════════════════════════════════════════════════════════════════╝

    Retry #1 ───────────────────────────────────────────────────────────────────────────────────────

    Error: browserType.launch: Executable doesn't exist at /home/runner/.cache/ms-playwright/chromium_headless_shell-1187/chrome-linux/headless_shell
    ╔═════════════════════════════════════════════════════════════════════════╗
    ║ Looks like Playwright Test or Playwright was just installed or updated. ║
    ║ Please run the following command to download new browsers:              ║
    ║                                                                         ║
    ║     npx playwright install                                              ║
    ║                                                                         ║
    ║ <3 Playwright Team                                                      ║
    ╚═════════════════════════════════════════════════════════════════════════╝

    Retry #2 ───────────────────────────────────────────────────────────────────────────────────────

    Error: browserType.launch: Executable doesn't exist at /home/runner/.cache/ms-playwright/chromium_headless_shell-1187/chrome-linux/headless_shell
    ╔═════════════════════════════════════════════════════════════════════════╗
    ║ Looks like Playwright Test or Playwright was just installed or updated. ║
    ║ Please run the following command to download new browsers:              ║
    ║                                                                         ║
    ║     npx playwright install                                              ║
    ║                                                                         ║
    ║ <3 Playwright Team                                                      ║
    ╚═════════════════════════════════════════════════════════════════════════╝
]]>
</failure>
</testcase>
</testsuite>
<testsuite name="debug-database-users.spec.ts" timestamp="2025-08-26T01:26:08.048Z" hostname="chromium" tests="1" failures="1" skipped="0" time="0.012" errors="0">
<testcase name="debug: check database users and authentication flow" classname="debug-database-users.spec.ts" time="0.012">
<failure message="debug-database-users.spec.ts:3:1 debug: check database users and authentication flow" type="FAILURE">
<![CDATA[  [chromium] › debug-database-users.spec.ts:3:1 › debug: check database users and authentication flow 

    Error: browserType.launch: Executable doesn't exist at /home/runner/.cache/ms-playwright/chromium_headless_shell-1187/chrome-linux/headless_shell
    ╔═════════════════════════════════════════════════════════════════════════╗
    ║ Looks like Playwright Test or Playwright was just installed or updated. ║
    ║ Please run the following command to download new browsers:              ║
    ║                                                                         ║
    ║     npx playwright install                                              ║
    ║                                                                         ║
    ║ <3 Playwright Team                                                      ║
    ╚═════════════════════════════════════════════════════════════════════════╝

    Retry #1 ───────────────────────────────────────────────────────────────────────────────────────

    Error: browserType.launch: Executable doesn't exist at /home/runner/.cache/ms-playwright/chromium_headless_shell-1187/chrome-linux/headless_shell
    ╔═════════════════════════════════════════════════════════════════════════╗
    ║ Looks like Playwright Test or Playwright was just installed or updated. ║
    ║ Please run the following command to download new browsers:              ║
    ║                                                                         ║
    ║     npx playwright install                                              ║
    ║                                                                         ║
    ║ <3 Playwright Team                                                      ║
    ╚═════════════════════════════════════════════════════════════════════════╝

    Retry #2 ───────────────────────────────────────────────────────────────────────────────────────

    Error: browserType.launch: Executable doesn't exist at /home/runner/.cache/ms-playwright/chromium_headless_shell-1187/chrome-linux/headless_shell
    ╔═════════════════════════════════════════════════════════════════════════╗
    ║ Looks like Playwright Test or Playwright was just installed or updated. ║
    ║ Please run the following command to download new browsers:              ║
    ║                                                                         ║
    ║     npx playwright install                                              ║
    ║                                                                         ║
    ║ <3 Playwright Team                                                      ║
    ╚═════════════════════════════════════════════════════════════════════════╝
]]>
</failure>
</testcase>
</testsuite>
<testsuite name="debug-login.spec.ts" timestamp="2025-08-26T01:26:08.048Z" hostname="chromium" tests="1" failures="1" skipped="0" time="0.012" errors="0">
<testcase name="debug login error handling" classname="debug-login.spec.ts" time="0.012">
<failure message="debug-login.spec.ts:3:1 debug login error handling" type="FAILURE">
<![CDATA[  [chromium] › debug-login.spec.ts:3:1 › debug login error handling ────────────────────────────────

    Error: browserType.launch: Executable doesn't exist at /home/runner/.cache/ms-playwright/chromium_headless_shell-1187/chrome-linux/headless_shell
    ╔═════════════════════════════════════════════════════════════════════════╗
    ║ Looks like Playwright Test or Playwright was just installed or updated. ║
    ║ Please run the following command to download new browsers:              ║
    ║                                                                         ║
    ║     npx playwright install                                              ║
    ║                                                                         ║
    ║ <3 Playwright Team                                                      ║
    ╚═════════════════════════════════════════════════════════════════════════╝

    Retry #1 ───────────────────────────────────────────────────────────────────────────────────────

    Error: browserType.launch: Executable doesn't exist at /home/runner/.cache/ms-playwright/chromium_headless_shell-1187/chrome-linux/headless_shell
    ╔═════════════════════════════════════════════════════════════════════════╗
    ║ Looks like Playwright Test or Playwright was just installed or updated. ║
    ║ Please run the following command to download new browsers:              ║
    ║                                                                         ║
    ║     npx playwright install                                              ║
    ║                                                                         ║
    ║ <3 Playwright Team                                                      ║
    ╚═════════════════════════════════════════════════════════════════════════╝

    Retry #2 ───────────────────────────────────────────────────────────────────────────────────────

    Error: browserType.launch: Executable doesn't exist at /home/runner/.cache/ms-playwright/chromium_headless_shell-1187/chrome-linux/headless_shell
    ╔═════════════════════════════════════════════════════════════════════════╗
    ║ Looks like Playwright Test or Playwright was just installed or updated. ║
    ║ Please run the following command to download new browsers:              ║
    ║                                                                         ║
    ║     npx playwright install                                              ║
    ║                                                                         ║
    ║ <3 Playwright Team                                                      ║
    ╚═════════════════════════════════════════════════════════════════════════╝
]]>
</failure>
</testcase>
</testsuite>
<testsuite name="debug-server-env.spec.ts" timestamp="2025-08-26T01:26:08.048Z" hostname="chromium" tests="1" failures="1" skipped="0" time="0.015" errors="0">
<testcase name="check server environment during test" classname="debug-server-env.spec.ts" time="0.015">
<failure message="debug-server-env.spec.ts:3:1 check server environment during test" type="FAILURE">
<![CDATA[  [chromium] › debug-server-env.spec.ts:3:1 › check server environment during test ─────────────────

    Error: browserType.launch: Executable doesn't exist at /home/runner/.cache/ms-playwright/chromium_headless_shell-1187/chrome-linux/headless_shell
    ╔═════════════════════════════════════════════════════════════════════════╗
    ║ Looks like Playwright Test or Playwright was just installed or updated. ║
    ║ Please run the following command to download new browsers:              ║
    ║                                                                         ║
    ║     npx playwright install                                              ║
    ║                                                                         ║
    ║ <3 Playwright Team                                                      ║
    ╚═════════════════════════════════════════════════════════════════════════╝

    Retry #1 ───────────────────────────────────────────────────────────────────────────────────────

    Error: browserType.launch: Executable doesn't exist at /home/runner/.cache/ms-playwright/chromium_headless_shell-1187/chrome-linux/headless_shell
    ╔═════════════════════════════════════════════════════════════════════════╗
    ║ Looks like Playwright Test or Playwright was just installed or updated. ║
    ║ Please run the following command to download new browsers:              ║
    ║                                                                         ║
    ║     npx playwright install                                              ║
    ║                                                                         ║
    ║ <3 Playwright Team                                                      ║
    ╚═════════════════════════════════════════════════════════════════════════╝

    Retry #2 ───────────────────────────────────────────────────────────────────────────────────────

    Error: browserType.launch: Executable doesn't exist at /home/runner/.cache/ms-playwright/chromium_headless_shell-1187/chrome-linux/headless_shell
    ╔═════════════════════════════════════════════════════════════════════════╗
    ║ Looks like Playwright Test or Playwright was just installed or updated. ║
    ║ Please run the following command to download new browsers:              ║
    ║                                                                         ║
    ║     npx playwright install                                              ║
    ║                                                                         ║
    ║ <3 Playwright Team                                                      ║
    ╚═════════════════════════════════════════════════════════════════════════╝
]]>
</failure>
</testcase>
</testsuite>
<testsuite name="debug-valid-login.spec.ts" timestamp="2025-08-26T01:26:08.048Z" hostname="chromium" tests="1" failures="1" skipped="0" time="0.013" errors="0">
<testcase name="debug valid credentials login" classname="debug-valid-login.spec.ts" time="0.013">
<failure message="debug-valid-login.spec.ts:3:1 debug valid credentials login" type="FAILURE">
<![CDATA[  [chromium] › debug-valid-login.spec.ts:3:1 › debug valid credentials login ───────────────────────

    Error: browserType.launch: Executable doesn't exist at /home/runner/.cache/ms-playwright/chromium_headless_shell-1187/chrome-linux/headless_shell
    ╔═════════════════════════════════════════════════════════════════════════╗
    ║ Looks like Playwright Test or Playwright was just installed or updated. ║
    ║ Please run the following command to download new browsers:              ║
    ║                                                                         ║
    ║     npx playwright install                                              ║
    ║                                                                         ║
    ║ <3 Playwright Team                                                      ║
    ╚═════════════════════════════════════════════════════════════════════════╝

    Retry #1 ───────────────────────────────────────────────────────────────────────────────────────

    Error: browserType.launch: Executable doesn't exist at /home/runner/.cache/ms-playwright/chromium_headless_shell-1187/chrome-linux/headless_shell
    ╔═════════════════════════════════════════════════════════════════════════╗
    ║ Looks like Playwright Test or Playwright was just installed or updated. ║
    ║ Please run the following command to download new browsers:              ║
    ║                                                                         ║
    ║     npx playwright install                                              ║
    ║                                                                         ║
    ║ <3 Playwright Team                                                      ║
    ╚═════════════════════════════════════════════════════════════════════════╝

    Retry #2 ───────────────────────────────────────────────────────────────────────────────────────

    Error: browserType.launch: Executable doesn't exist at /home/runner/.cache/ms-playwright/chromium_headless_shell-1187/chrome-linux/headless_shell
    ╔═════════════════════════════════════════════════════════════════════════╗
    ║ Looks like Playwright Test or Playwright was just installed or updated. ║
    ║ Please run the following command to download new browsers:              ║
    ║                                                                         ║
    ║     npx playwright install                                              ║
    ║                                                                         ║
    ║ <3 Playwright Team                                                      ║
    ╚═════════════════════════════════════════════════════════════════════════╝
]]>
</failure>
</testcase>
</testsuite>
<testsuite name="debug-work-orders.spec.ts" timestamp="2025-08-26T01:26:08.048Z" hostname="chromium" tests="1" failures="1" skipped="0" time="0.006" errors="0">
<testcase name="debug work order navigation" classname="debug-work-orders.spec.ts" time="0.006">
<failure message="debug-work-orders.spec.ts:19:1 debug work order navigation" type="FAILURE">
<![CDATA[  [chromium] › debug-work-orders.spec.ts:19:1 › debug work order navigation ────────────────────────

    Error: browserType.launch: Executable doesn't exist at /home/runner/.cache/ms-playwright/chromium_headless_shell-1187/chrome-linux/headless_shell
    ╔═════════════════════════════════════════════════════════════════════════╗
    ║ Looks like Playwright Test or Playwright was just installed or updated. ║
    ║ Please run the following command to download new browsers:              ║
    ║                                                                         ║
    ║     npx playwright install                                              ║
    ║                                                                         ║
    ║ <3 Playwright Team                                                      ║
    ╚═════════════════════════════════════════════════════════════════════════╝

    Retry #1 ───────────────────────────────────────────────────────────────────────────────────────

    Error: browserType.launch: Executable doesn't exist at /home/runner/.cache/ms-playwright/chromium_headless_shell-1187/chrome-linux/headless_shell
    ╔═════════════════════════════════════════════════════════════════════════╗
    ║ Looks like Playwright Test or Playwright was just installed or updated. ║
    ║ Please run the following command to download new browsers:              ║
    ║                                                                         ║
    ║     npx playwright install                                              ║
    ║                                                                         ║
    ║ <3 Playwright Team                                                      ║
    ╚═════════════════════════════════════════════════════════════════════════╝

    Retry #2 ───────────────────────────────────────────────────────────────────────────────────────

    Error: browserType.launch: Executable doesn't exist at /home/runner/.cache/ms-playwright/chromium_headless_shell-1187/chrome-linux/headless_shell
    ╔═════════════════════════════════════════════════════════════════════════╗
    ║ Looks like Playwright Test or Playwright was just installed or updated. ║
    ║ Please run the following command to download new browsers:              ║
    ║                                                                         ║
    ║     npx playwright install                                              ║
    ║                                                                         ║
    ║ <3 Playwright Team                                                      ║
    ╚═════════════════════════════════════════════════════════════════════════╝
]]>
</failure>
</testcase>
</testsuite>
<testsuite name="debug-workorders.spec.ts" timestamp="2025-08-26T01:26:08.048Z" hostname="chromium" tests="1" failures="1" skipped="0" time="0.013" errors="0">
<testcase name="debug work order data" classname="debug-workorders.spec.ts" time="0.013">
<failure message="debug-workorders.spec.ts:3:1 debug work order data" type="FAILURE">
<![CDATA[  [chromium] › debug-workorders.spec.ts:3:1 › debug work order data ────────────────────────────────

    Error: browserType.launch: Executable doesn't exist at /home/runner/.cache/ms-playwright/chromium_headless_shell-1187/chrome-linux/headless_shell
    ╔═════════════════════════════════════════════════════════════════════════╗
    ║ Looks like Playwright Test or Playwright was just installed or updated. ║
    ║ Please run the following command to download new browsers:              ║
    ║                                                                         ║
    ║     npx playwright install                                              ║
    ║                                                                         ║
    ║ <3 Playwright Team                                                      ║
    ╚═════════════════════════════════════════════════════════════════════════╝

    Retry #1 ───────────────────────────────────────────────────────────────────────────────────────

    Error: browserType.launch: Executable doesn't exist at /home/runner/.cache/ms-playwright/chromium_headless_shell-1187/chrome-linux/headless_shell
    ╔═════════════════════════════════════════════════════════════════════════╗
    ║ Looks like Playwright Test or Playwright was just installed or updated. ║
    ║ Please run the following command to download new browsers:              ║
    ║                                                                         ║
    ║     npx playwright install                                              ║
    ║                                                                         ║
    ║ <3 Playwright Team                                                      ║
    ╚═════════════════════════════════════════════════════════════════════════╝

    Retry #2 ───────────────────────────────────────────────────────────────────────────────────────

    Error: browserType.launch: Executable doesn't exist at /home/runner/.cache/ms-playwright/chromium_headless_shell-1187/chrome-linux/headless_shell
    ╔═════════════════════════════════════════════════════════════════════════╗
    ║ Looks like Playwright Test or Playwright was just installed or updated. ║
    ║ Please run the following command to download new browsers:              ║
    ║                                                                         ║
    ║     npx playwright install                                              ║
    ║                                                                         ║
    ║ <3 Playwright Team                                                      ║
    ╚═════════════════════════════════════════════════════════════════════════╝
]]>
</failure>
</testcase>
</testsuite>
<testsuite name="main-flows.spec.ts" timestamp="2025-08-26T01:26:08.048Z" hostname="chromium" tests="19" failures="19" skipped="0" time="0.126" errors="0">
<testcase name="Authentication Flow › user can login and logout" classname="main-flows.spec.ts" time="0.008">
<failure message="main-flows.spec.ts:55:3 user can login and logout" type="FAILURE">
<![CDATA[  [chromium] › main-flows.spec.ts:55:3 › Authentication Flow › user can login and logout ───────────

    Error: browserType.launch: Executable doesn't exist at /home/runner/.cache/ms-playwright/chromium_headless_shell-1187/chrome-linux/headless_shell
    ╔═════════════════════════════════════════════════════════════════════════╗
    ║ Looks like Playwright Test or Playwright was just installed or updated. ║
    ║ Please run the following command to download new browsers:              ║
    ║                                                                         ║
    ║     npx playwright install                                              ║
    ║                                                                         ║
    ║ <3 Playwright Team                                                      ║
    ╚═════════════════════════════════════════════════════════════════════════╝

    Retry #1 ───────────────────────────────────────────────────────────────────────────────────────

    Error: browserType.launch: Executable doesn't exist at /home/runner/.cache/ms-playwright/chromium_headless_shell-1187/chrome-linux/headless_shell
    ╔═════════════════════════════════════════════════════════════════════════╗
    ║ Looks like Playwright Test or Playwright was just installed or updated. ║
    ║ Please run the following command to download new browsers:              ║
    ║                                                                         ║
    ║     npx playwright install                                              ║
    ║                                                                         ║
    ║ <3 Playwright Team                                                      ║
    ╚═════════════════════════════════════════════════════════════════════════╝

    Retry #2 ───────────────────────────────────────────────────────────────────────────────────────

    Error: browserType.launch: Executable doesn't exist at /home/runner/.cache/ms-playwright/chromium_headless_shell-1187/chrome-linux/headless_shell
    ╔═════════════════════════════════════════════════════════════════════════╗
    ║ Looks like Playwright Test or Playwright was just installed or updated. ║
    ║ Please run the following command to download new browsers:              ║
    ║                                                                         ║
    ║     npx playwright install                                              ║
    ║                                                                         ║
    ║ <3 Playwright Team                                                      ║
    ╚═════════════════════════════════════════════════════════════════════════╝
]]>
</failure>
<system-out>
<![CDATA[API login response status: [33m200[39m
API login response body: {"user":{"id":"6bb99169-32f9-4c11-922c-50762a3c4e73","email":"supervisor@company.com","firstName":"John","lastName":"Smith","role":"supervisor","warehouseId":"177ecc24-bb5a-474d-b7b0-c2f0b470aa68","emailVerified":false,"mfaEnabled":false},"token":"eyJhbGciOiJIUzI1NiIsInR5cCI6IkpXVCJ9.eyJ1c2VySWQiOiI2YmI5OTE2OS0zMmY5LTRjMTEtOTIyYy01MDc2MmEzYzRlNzMiLCJlbWFpbCI6IiIsInJvbGUiOiJzdXBlcnZpc29yIiwid2FyZWhvdXNlSWQiOiIxNzdlY2MyNC1iYjVhLTQ3NGQtYjdiMC1jMmYwYjQ3MGFhNjgiLCJzZXNzaW9uSWQiOiIxNmZmZjBlNy0zM2M1LTRlODgtODc0MC0wMWQ1MjUzMGY1ZTkiLCJ0eXBlIjoiYWNjZXNzIiwiaWF0IjoxNzU2MTcxNjEwLCJleHAiOjE3NTYxNzI1MTAsImF1ZCI6Im1haW50YWlucHJvLWFwcCIsImlzcyI6Im1haW50YWlucHJvLWNtbXMifQ.zZ57ciAHi0P8bYd68ZtKGte9I6KsXO6FX9XkvPEhifA","refreshToken":"eyJhbGciOiJIUzI1NiIsInR5cCI6IkpXVCJ9.eyJ1c2VySWQiOiI2YmI5OTE2OS0zMmY5LTRjMTEtOTIyYy01MDc2MmEzYzRlNzMiLCJzZXNzaW9uSWQiOiIxNmZmZjBlNy0zM2M1LTRlODgtODc0MC0wMWQ1MjUzMGY1ZTkiLCJ0eXBlIjoicmVmcmVzaCIsImlhdCI6MTc1NjE3MTYxMCwiZXhwIjoxNzU2Nzc2NDEwLCJhdWQiOiJtYWludGFpbnByby1hcHAiLCJpc3MiOiJtYWludGFpbnByby1jbW1zIn0.NLwI_qW2WcI5uWsHphl_SLAG_n2rptjmXUouM2tYXds","sessionId":"16fff0e7-33c5-4e88-8740-01d52530f5e9"}
API login response status: [33m200[39m
API login response body: {"user":{"id":"6bb99169-32f9-4c11-922c-50762a3c4e73","email":"supervisor@company.com","firstName":"John","lastName":"Smith","role":"supervisor","warehouseId":"177ecc24-bb5a-474d-b7b0-c2f0b470aa68","emailVerified":false,"mfaEnabled":false},"token":"eyJhbGciOiJIUzI1NiIsInR5cCI6IkpXVCJ9.eyJ1c2VySWQiOiI2YmI5OTE2OS0zMmY5LTRjMTEtOTIyYy01MDc2MmEzYzRlNzMiLCJlbWFpbCI6IiIsInJvbGUiOiJzdXBlcnZpc29yIiwid2FyZWhvdXNlSWQiOiIxNzdlY2MyNC1iYjVhLTQ3NGQtYjdiMC1jMmYwYjQ3MGFhNjgiLCJzZXNzaW9uSWQiOiIzZjVhMWI2Yy02ZTE3LTQxMDAtYTcyYi1iZTJkYWQ5ODc3ZjAiLCJ0eXBlIjoiYWNjZXNzIiwiaWF0IjoxNzU2MTcxNjExLCJleHAiOjE3NTYxNzI1MTEsImF1ZCI6Im1haW50YWlucHJvLWFwcCIsImlzcyI6Im1haW50YWlucHJvLWNtbXMifQ.vKsQEwG2SOuztFupJNNmEASZ-fi2-ngLp-QW4jeUU14","refreshToken":"eyJhbGciOiJIUzI1NiIsInR5cCI6IkpXVCJ9.eyJ1c2VySWQiOiI2YmI5OTE2OS0zMmY5LTRjMTEtOTIyYy01MDc2MmEzYzRlNzMiLCJzZXNzaW9uSWQiOiIzZjVhMWI2Yy02ZTE3LTQxMDAtYTcyYi1iZTJkYWQ5ODc3ZjAiLCJ0eXBlIjoicmVmcmVzaCIsImlhdCI6MTc1NjE3MTYxMSwiZXhwIjoxNzU2Nzc2NDExLCJhdWQiOiJtYWludGFpbnByby1hcHAiLCJpc3MiOiJtYWludGFpbnByby1jbW1zIn0.cIWJnMunA1H6HHeJ3PZc2YaZs3lqA8HRq4pm_BWh4U0","sessionId":"3f5a1b6c-6e17-4100-a72b-be2dad9877f0"}
API login response status: [33m429[39m
API login response body: Too many authentication attempts from this IP, please try again after 15 minutes.
]]>
</system-out>
<system-err>
<![CDATA[Failed to parse login response as JSON: SyntaxError: Unexpected token 'T', "Too many a"... is not valid JSON
    at JSON.parse (<anonymous>)
    at [90mfile:///home/runner/work/MaintAInPro/MaintAInPro/[39mtests/e2e/main-flows.spec.ts:44:19
    at [90m/home/runner/work/MaintAInPro/MaintAInPro/[39mnode_modules/[4mplaywright[24m/lib/worker/testInfo.js:326:11
    at TimeoutManager.withRunnable [90m(/home/runner/work/MaintAInPro/MaintAInPro/[39mnode_modules/[4mplaywright[24m/lib/worker/timeoutManager.js:67:14[90m)[39m
    at TestInfoImpl._runWithTimeout [90m(/home/runner/work/MaintAInPro/MaintAInPro/[39mnode_modules/[4mplaywright[24m/lib/worker/testInfo.js:324:7[90m)[39m
    at FixtureRunner.resolveParametersAndRunFunction [90m(/home/runner/work/MaintAInPro/MaintAInPro/[39mnode_modules/[4mplaywright[24m/lib/worker/fixtureRunner.js:220:5[90m)[39m
    at [90m/home/runner/work/MaintAInPro/MaintAInPro/[39mnode_modules/[4mplaywright[24m/lib/worker/workerMain.js:428:13
    at TestInfoImpl._runAsStep [90m(/home/runner/work/MaintAInPro/MaintAInPro/[39mnode_modules/[4mplaywright[24m/lib/worker/testInfo.js:315:7[90m)[39m
    at WorkerMain._runAllHooksForSuite [90m(/home/runner/work/MaintAInPro/MaintAInPro/[39mnode_modules/[4mplaywright[24m/lib/worker/workerMain.js:423:9[90m)[39m
    at WorkerMain._runBeforeAllHooksForSuite [90m(/home/runner/work/MaintAInPro/MaintAInPro/[39mnode_modules/[4mplaywright[24m/lib/worker/workerMain.js:417:5[90m)[39m
    at [90m/home/runner/work/MaintAInPro/MaintAInPro/[39mnode_modules/[4mplaywright[24m/lib/worker/workerMain.js:299:11
    at TestInfoImpl._runAsStep [90m(/home/runner/work/MaintAInPro/MaintAInPro/[39mnode_modules/[4mplaywright[24m/lib/worker/testInfo.js:315:7[90m)[39m
    at [90m/home/runner/work/MaintAInPro/MaintAInPro/[39mnode_modules/[4mplaywright[24m/lib/worker/workerMain.js:297:7
    at WorkerMain._runTest [90m(/home/runner/work/MaintAInPro/MaintAInPro/[39mnode_modules/[4mplaywright[24m/lib/worker/workerMain.js:282:5[90m)[39m
    at WorkerMain.runTestGroup [90m(/home/runner/work/MaintAInPro/MaintAInPro/[39mnode_modules/[4mplaywright[24m/lib/worker/workerMain.js:194:11[90m)[39m
    at process.<anonymous> [90m(/home/runner/work/MaintAInPro/MaintAInPro/[39mnode_modules/[4mplaywright[24m/lib/common/process.js:65:22[90m)[39m
]]>
</system-err>
</testcase>
<testcase name="Authentication Flow › shows error for invalid credentials" classname="main-flows.spec.ts" time="0.006">
<failure message="main-flows.spec.ts:84:3 shows error for invalid credentials" type="FAILURE">
<![CDATA[  [chromium] › main-flows.spec.ts:84:3 › Authentication Flow › shows error for invalid credentials ─

    Error: browserType.launch: Executable doesn't exist at /home/runner/.cache/ms-playwright/chromium_headless_shell-1187/chrome-linux/headless_shell
    ╔═════════════════════════════════════════════════════════════════════════╗
    ║ Looks like Playwright Test or Playwright was just installed or updated. ║
    ║ Please run the following command to download new browsers:              ║
    ║                                                                         ║
    ║     npx playwright install                                              ║
    ║                                                                         ║
    ║ <3 Playwright Team                                                      ║
    ╚═════════════════════════════════════════════════════════════════════════╝

    Retry #1 ───────────────────────────────────────────────────────────────────────────────────────

    Error: browserType.launch: Executable doesn't exist at /home/runner/.cache/ms-playwright/chromium_headless_shell-1187/chrome-linux/headless_shell
    ╔═════════════════════════════════════════════════════════════════════════╗
    ║ Looks like Playwright Test or Playwright was just installed or updated. ║
    ║ Please run the following command to download new browsers:              ║
    ║                                                                         ║
    ║     npx playwright install                                              ║
    ║                                                                         ║
    ║ <3 Playwright Team                                                      ║
    ╚═════════════════════════════════════════════════════════════════════════╝

    Retry #2 ───────────────────────────────────────────────────────────────────────────────────────

    Error: browserType.launch: Executable doesn't exist at /home/runner/.cache/ms-playwright/chromium_headless_shell-1187/chrome-linux/headless_shell
    ╔═════════════════════════════════════════════════════════════════════════╗
    ║ Looks like Playwright Test or Playwright was just installed or updated. ║
    ║ Please run the following command to download new browsers:              ║
    ║                                                                         ║
    ║     npx playwright install                                              ║
    ║                                                                         ║
    ║ <3 Playwright Team                                                      ║
    ╚═════════════════════════════════════════════════════════════════════════╝
]]>
</failure>
<system-out>
<![CDATA[API login response status: [33m429[39m
API login response body: Too many authentication attempts from this IP, please try again after 15 minutes.
API login response status: [33m429[39m
API login response body: Too many authentication attempts from this IP, please try again after 15 minutes.
API login response status: [33m429[39m
API login response body: Too many authentication attempts from this IP, please try again after 15 minutes.
]]>
</system-out>
<system-err>
<![CDATA[Failed to parse login response as JSON: SyntaxError: Unexpected token 'T', "Too many a"... is not valid JSON
    at JSON.parse (<anonymous>)
    at [90mfile:///home/runner/work/MaintAInPro/MaintAInPro/[39mtests/e2e/main-flows.spec.ts:44:19
    at [90m/home/runner/work/MaintAInPro/MaintAInPro/[39mnode_modules/[4mplaywright[24m/lib/worker/testInfo.js:326:11
    at TimeoutManager.withRunnable [90m(/home/runner/work/MaintAInPro/MaintAInPro/[39mnode_modules/[4mplaywright[24m/lib/worker/timeoutManager.js:67:14[90m)[39m
    at TestInfoImpl._runWithTimeout [90m(/home/runner/work/MaintAInPro/MaintAInPro/[39mnode_modules/[4mplaywright[24m/lib/worker/testInfo.js:324:7[90m)[39m
    at FixtureRunner.resolveParametersAndRunFunction [90m(/home/runner/work/MaintAInPro/MaintAInPro/[39mnode_modules/[4mplaywright[24m/lib/worker/fixtureRunner.js:220:5[90m)[39m
    at [90m/home/runner/work/MaintAInPro/MaintAInPro/[39mnode_modules/[4mplaywright[24m/lib/worker/workerMain.js:428:13
    at TestInfoImpl._runAsStep [90m(/home/runner/work/MaintAInPro/MaintAInPro/[39mnode_modules/[4mplaywright[24m/lib/worker/testInfo.js:315:7[90m)[39m
    at WorkerMain._runAllHooksForSuite [90m(/home/runner/work/MaintAInPro/MaintAInPro/[39mnode_modules/[4mplaywright[24m/lib/worker/workerMain.js:423:9[90m)[39m
    at WorkerMain._runBeforeAllHooksForSuite [90m(/home/runner/work/MaintAInPro/MaintAInPro/[39mnode_modules/[4mplaywright[24m/lib/worker/workerMain.js:417:5[90m)[39m
    at [90m/home/runner/work/MaintAInPro/MaintAInPro/[39mnode_modules/[4mplaywright[24m/lib/worker/workerMain.js:299:11
    at TestInfoImpl._runAsStep [90m(/home/runner/work/MaintAInPro/MaintAInPro/[39mnode_modules/[4mplaywright[24m/lib/worker/testInfo.js:315:7[90m)[39m
    at [90m/home/runner/work/MaintAInPro/MaintAInPro/[39mnode_modules/[4mplaywright[24m/lib/worker/workerMain.js:297:7
    at WorkerMain._runTest [90m(/home/runner/work/MaintAInPro/MaintAInPro/[39mnode_modules/[4mplaywright[24m/lib/worker/workerMain.js:282:5[90m)[39m
[...]
    at TimeoutManager.withRunnable [90m(/home/runner/work/MaintAInPro/MaintAInPro/[39mnode_modules/[4mplaywright[24m/lib/worker/timeoutManager.js:67:14[90m)[39m
    at TestInfoImpl._runWithTimeout [90m(/home/runner/work/MaintAInPro/MaintAInPro/[39mnode_modules/[4mplaywright[24m/lib/worker/testInfo.js:324:7[90m)[39m
    at FixtureRunner.resolveParametersAndRunFunction [90m(/home/runner/work/MaintAInPro/MaintAInPro/[39mnode_modules/[4mplaywright[24m/lib/worker/fixtureRunner.js:220:5[90m)[39m
    at [90m/home/runner/work/MaintAInPro/MaintAInPro/[39mnode_modules/[4mplaywright[24m/lib/worker/workerMain.js:428:13
    at TestInfoImpl._runAsStep [90m(/home/runner/work/MaintAInPro/MaintAInPro/[39mnode_modules/[4mplaywright[24m/lib/worker/testInfo.js:315:7[90m)[39m
    at WorkerMain._runAllHooksForSuite [90m(/home/runner/work/MaintAInPro/MaintAInPro/[39mnode_modules/[4mplaywright[24m/lib/worker/workerMain.js:423:9[90m)[39m
    at WorkerMain._runBeforeAllHooksForSuite [90m(/home/runner/work/MaintAInPro/MaintAInPro/[39mnode_modules/[4mplaywright[24m/lib/worker/workerMain.js:417:5[90m)[39m
    at [90m/home/runner/work/MaintAInPro/MaintAInPro/[39mnode_modules/[4mplaywright[24m/lib/worker/workerMain.js:299:11
    at TestInfoImpl._runAsStep [90m(/home/runner/work/MaintAInPro/MaintAInPro/[39mnode_modules/[4mplaywright[24m/lib/worker/testInfo.js:315:7[90m)[39m
    at [90m/home/runner/work/MaintAInPro/MaintAInPro/[39mnode_modules/[4mplaywright[24m/lib/worker/workerMain.js:297:7
    at WorkerMain._runTest [90m(/home/runner/work/MaintAInPro/MaintAInPro/[39mnode_modules/[4mplaywright[24m/lib/worker/workerMain.js:282:5[90m)[39m
    at WorkerMain.runTestGroup [90m(/home/runner/work/MaintAInPro/MaintAInPro/[39mnode_modules/[4mplaywright[24m/lib/worker/workerMain.js:194:11[90m)[39m
    at process.<anonymous> [90m(/home/runner/work/MaintAInPro/MaintAInPro/[39mnode_modules/[4mplaywright[24m/lib/common/process.js:65:22[90m)[39m
Failed to parse login response as JSON: SyntaxError: Unexpected token 'T', "Too many a"... is not valid JSON
    at JSON.parse (<anonymous>)
    at [90mfile:///home/runner/work/MaintAInPro/MaintAInPro/[39mtests/e2e/main-flows.spec.ts:44:19
    at [90m/home/runner/work/MaintAInPro/MaintAInPro/[39mnode_modules/[4mplaywright[24m/lib/worker/testInfo.js:326:11
    at TimeoutManager.withRunnable [90m(/home/runner/work/MaintAInPro/MaintAInPro/[39mnode_modules/[4mplaywright[24m/lib/worker/timeoutManager.js:67:14[90m)[39m
    at TestInfoImpl._runWithTimeout [90m(/home/runner/work/MaintAInPro/MaintAInPro/[39mnode_modules/[4mplaywright[24m/lib/worker/testInfo.js:324:7[90m)[39m
    at FixtureRunner.resolveParametersAndRunFunction [90m(/home/runner/work/MaintAInPro/MaintAInPro/[39mnode_modules/[4mplaywright[24m/lib/worker/fixtureRunner.js:220:5[90m)[39m
    at [90m/home/runner/work/MaintAInPro/MaintAInPro/[39mnode_modules/[4mplaywright[24m/lib/worker/workerMain.js:428:13
    at TestInfoImpl._runAsStep [90m(/home/runner/work/MaintAInPro/MaintAInPro/[39mnode_modules/[4mplaywright[24m/lib/worker/testInfo.js:315:7[90m)[39m
    at WorkerMain._runAllHooksForSuite [90m(/home/runner/work/MaintAInPro/MaintAInPro/[39mnode_modules/[4mplaywright[24m/lib/worker/workerMain.js:423:9[90m)[39m
    at WorkerMain._runBeforeAllHooksForSuite [90m(/home/runner/work/MaintAInPro/MaintAInPro/[39mnode_modules/[4mplaywright[24m/lib/worker/workerMain.js:417:5[90m)[39m
    at [90m/home/runner/work/MaintAInPro/MaintAInPro/[39mnode_modules/[4mplaywright[24m/lib/worker/workerMain.js:299:11
    at TestInfoImpl._runAsStep [90m(/home/runner/work/MaintAInPro/MaintAInPro/[39mnode_modules/[4mplaywright[24m/lib/worker/testInfo.js:315:7[90m)[39m
    at [90m/home/runner/work/MaintAInPro/MaintAInPro/[39mnode_modules/[4mplaywright[24m/lib/worker/workerMain.js:297:7
    at WorkerMain._runTest [90m(/home/runner/work/MaintAInPro/MaintAInPro/[39mnode_modules/[4mplaywright[24m/lib/worker/workerMain.js:282:5[90m)[39m
    at WorkerMain.runTestGroup [90m(/home/runner/work/MaintAInPro/MaintAInPro/[39mnode_modules/[4mplaywright[24m/lib/worker/workerMain.js:194:11[90m)[39m
    at process.<anonymous> [90m(/home/runner/work/MaintAInPro/MaintAInPro/[39mnode_modules/[4mplaywright[24m/lib/common/process.js:65:22[90m)[39m
Failed to parse login response as JSON: SyntaxError: Unexpected token 'T', "Too many a"... is not valid JSON
    at JSON.parse (<anonymous>)
    at [90mfile:///home/runner/work/MaintAInPro/MaintAInPro/[39mtests/e2e/main-flows.spec.ts:44:19
    at [90m/home/runner/work/MaintAInPro/MaintAInPro/[39mnode_modules/[4mplaywright[24m/lib/worker/testInfo.js:326:11
    at TimeoutManager.withRunnable [90m(/home/runner/work/MaintAInPro/MaintAInPro/[39mnode_modules/[4mplaywright[24m/lib/worker/timeoutManager.js:67:14[90m)[39m
    at TestInfoImpl._runWithTimeout [90m(/home/runner/work/MaintAInPro/MaintAInPro/[39mnode_modules/[4mplaywright[24m/lib/worker/testInfo.js:324:7[90m)[39m
    at FixtureRunner.resolveParametersAndRunFunction [90m(/home/runner/work/MaintAInPro/MaintAInPro/[39mnode_modules/[4mplaywright[24m/lib/worker/fixtureRunner.js:220:5[90m)[39m
    at [90m/home/runner/work/MaintAInPro/MaintAInPro/[39mnode_modules/[4mplaywright[24m/lib/worker/workerMain.js:428:13
    at TestInfoImpl._runAsStep [90m(/home/runner/work/MaintAInPro/MaintAInPro/[39mnode_modules/[4mplaywright[24m/lib/worker/testInfo.js:315:7[90m)[39m
    at WorkerMain._runAllHooksForSuite [90m(/home/runner/work/MaintAInPro/MaintAInPro/[39mnode_modules/[4mplaywright[24m/lib/worker/workerMain.js:423:9[90m)[39m
    at WorkerMain._runBeforeAllHooksForSuite [90m(/home/runner/work/MaintAInPro/MaintAInPro/[39mnode_modules/[4mplaywright[24m/lib/worker/workerMain.js:417:5[90m)[39m
    at [90m/home/runner/work/MaintAInPro/MaintAInPro/[39mnode_modules/[4mplaywright[24m/lib/worker/workerMain.js:299:11
    at TestInfoImpl._runAsStep [90m(/home/runner/work/MaintAInPro/MaintAInPro/[39mnode_modules/[4mplaywright[24m/lib/worker/testInfo.js:315:7[90m)[39m
    at [90m/home/runner/work/MaintAInPro/MaintAInPro/[39mnode_modules/[4mplaywright[24m/lib/worker/workerMain.js:297:7
    at WorkerMain._runTest [90m(/home/runner/work/MaintAInPro/MaintAInPro/[39mnode_modules/[4mplaywright[24m/lib/worker/workerMain.js:282:5[90m)[39m
    at WorkerMain.runTestGroup [90m(/home/runner/work/MaintAInPro/MaintAInPro/[39mnode_modules/[4mplaywright[24m/lib/worker/workerMain.js:194:11[90m)[39m
    at process.<anonymous> [90m(/home/runner/work/MaintAInPro/MaintAInPro/[39mnode_modules/[4mplaywright[24m/lib/common/process.js:65:22[90m)[39m
]]>
</system-err>
</testcase>
<testcase name="Performance › work order list handles large datasets" classname="main-flows.spec.ts" time="0.006">
<failure message="main-flows.spec.ts:453:3 work order list handles large datasets" type="FAILURE">
<![CDATA[  [chromium] › main-flows.spec.ts:453:3 › Performance › work order list handles large datasets ─────

    Error: browserType.launch: Executable doesn't exist at /home/runner/.cache/ms-playwright/chromium_headless_shell-1187/chrome-linux/headless_shell
    ╔═════════════════════════════════════════════════════════════════════════╗
    ║ Looks like Playwright Test or Playwright was just installed or updated. ║
    ║ Please run the following command to download new browsers:              ║
    ║                                                                         ║
    ║     npx playwright install                                              ║
    ║                                                                         ║
    ║ <3 Playwright Team                                                      ║
    ╚═════════════════════════════════════════════════════════════════════════╝

    Retry #1 ───────────────────────────────────────────────────────────────────────────────────────

    Error: browserType.launch: Executable doesn't exist at /home/runner/.cache/ms-playwright/chromium_headless_shell-1187/chrome-linux/headless_shell
    ╔═════════════════════════════════════════════════════════════════════════╗
    ║ Looks like Playwright Test or Playwright was just installed or updated. ║
    ║ Please run the following command to download new browsers:              ║
    ║                                                                         ║
    ║     npx playwright install                                              ║
    ║                                                                         ║
    ║ <3 Playwright Team                                                      ║
    ╚═════════════════════════════════════════════════════════════════════════╝

    Retry #2 ───────────────────────────────────────────────────────────────────────────────────────

    Error: browserType.launch: Executable doesn't exist at /home/runner/.cache/ms-playwright/chromium_headless_shell-1187/chrome-linux/headless_shell
    ╔═════════════════════════════════════════════════════════════════════════╗
    ║ Looks like Playwright Test or Playwright was just installed or updated. ║
    ║ Please run the following command to download new browsers:              ║
    ║                                                                         ║
    ║     npx playwright install                                              ║
    ║                                                                         ║
    ║ <3 Playwright Team                                                      ║
    ╚═════════════════════════════════════════════════════════════════════════╝
]]>
</failure>
<system-out>
<![CDATA[API login response status: [33m429[39m
API login response body: Too many authentication attempts from this IP, please try again after 15 minutes.
API login response status: [33m429[39m
API login response body: Too many authentication attempts from this IP, please try again after 15 minutes.
API login response status: [33m429[39m
API login response body: Too many authentication attempts from this IP, please try again after 15 minutes.
]]>
</system-out>
<system-err>
<![CDATA[Failed to parse login response as JSON: SyntaxError: Unexpected token 'T', "Too many a"... is not valid JSON
    at JSON.parse (<anonymous>)
    at [90mfile:///home/runner/work/MaintAInPro/MaintAInPro/[39mtests/e2e/main-flows.spec.ts:44:19
    at [90m/home/runner/work/MaintAInPro/MaintAInPro/[39mnode_modules/[4mplaywright[24m/lib/worker/testInfo.js:326:11
    at TimeoutManager.withRunnable [90m(/home/runner/work/MaintAInPro/MaintAInPro/[39mnode_modules/[4mplaywright[24m/lib/worker/timeoutManager.js:67:14[90m)[39m
    at TestInfoImpl._runWithTimeout [90m(/home/runner/work/MaintAInPro/MaintAInPro/[39mnode_modules/[4mplaywright[24m/lib/worker/testInfo.js:324:7[90m)[39m
    at FixtureRunner.resolveParametersAndRunFunction [90m(/home/runner/work/MaintAInPro/MaintAInPro/[39mnode_modules/[4mplaywright[24m/lib/worker/fixtureRunner.js:220:5[90m)[39m
    at [90m/home/runner/work/MaintAInPro/MaintAInPro/[39mnode_modules/[4mplaywright[24m/lib/worker/workerMain.js:428:13
    at TestInfoImpl._runAsStep [90m(/home/runner/work/MaintAInPro/MaintAInPro/[39mnode_modules/[4mplaywright[24m/lib/worker/testInfo.js:315:7[90m)[39m
    at WorkerMain._runAllHooksForSuite [90m(/home/runner/work/MaintAInPro/MaintAInPro/[39mnode_modules/[4mplaywright[24m/lib/worker/workerMain.js:423:9[90m)[39m
    at WorkerMain._runBeforeAllHooksForSuite [90m(/home/runner/work/MaintAInPro/MaintAInPro/[39mnode_modules/[4mplaywright[24m/lib/worker/workerMain.js:417:5[90m)[39m
    at [90m/home/runner/work/MaintAInPro/MaintAInPro/[39mnode_modules/[4mplaywright[24m/lib/worker/workerMain.js:299:11
    at TestInfoImpl._runAsStep [90m(/home/runner/work/MaintAInPro/MaintAInPro/[39mnode_modules/[4mplaywright[24m/lib/worker/testInfo.js:315:7[90m)[39m
    at [90m/home/runner/work/MaintAInPro/MaintAInPro/[39mnode_modules/[4mplaywright[24m/lib/worker/workerMain.js:297:7
    at WorkerMain._runTest [90m(/home/runner/work/MaintAInPro/MaintAInPro/[39mnode_modules/[4mplaywright[24m/lib/worker/workerMain.js:282:5[90m)[39m
    at WorkerMain.runTestGroup [90m(/home/runner/work/MaintAInPro/MaintAInPro/[39mnode_modules/[4mplaywright[24m/lib/worker/workerMain.js:194:11[90m)[39m
    at process.<anonymous> [90m(/home/runner/work/MaintAInPro/MaintAInPro/[39mnode_modules/[4mplaywright[24m/lib/common/process.js:65:22[90m)[39m
Failed to parse login response as JSON: SyntaxError: Unexpected token 'T', "Too many a"... is not valid JSON
    at JSON.parse (<anonymous>)
    at [90mfile:///home/runner/work/MaintAInPro/MaintAInPro/[39mtests/e2e/main-flows.spec.ts:44:19
    at [90m/home/runner/work/MaintAInPro/MaintAInPro/[39mnode_modules/[4mplaywright[24m/lib/worker/testInfo.js:326:11
    at TimeoutManager.withRunnable [90m(/home/runner/work/MaintAInPro/MaintAInPro/[39mnode_modules/[4mplaywright[24m/lib/worker/timeoutManager.js:67:14[90m)[39m
    at TestInfoImpl._runWithTimeout [90m(/home/runner/work/MaintAInPro/MaintAInPro/[39mnode_modules/[4mplaywright[24m/lib/worker/testInfo.js:324:7[90m)[39m
    at FixtureRunner.resolveParametersAndRunFunction [90m(/home/runner/work/MaintAInPro/MaintAInPro/[39mnode_modules/[4mplaywright[24m/lib/worker/fixtureRunner.js:220:5[90m)[39m
    at [90m/home/runner/work/MaintAInPro/MaintAInPro/[39mnode_modules/[4mplaywright[24m/lib/worker/workerMain.js:428:13
    at TestInfoImpl._runAsStep [90m(/home/runner/work/MaintAInPro/MaintAInPro/[39mnode_modules/[4mplaywright[24m/lib/worker/testInfo.js:315:7[90m)[39m
    at WorkerMain._runAllHooksForSuite [90m(/home/runner/work/MaintAInPro/MaintAInPro/[39mnode_modules/[4mplaywright[24m/lib/worker/workerMain.js:423:9[90m)[39m
    at WorkerMain._runBeforeAllHooksForSuite [90m(/home/runner/work/MaintAInPro/MaintAInPro/[39mnode_modules/[4mplaywright[24m/lib/worker/workerMain.js:417:5[90m)[39m
    at [90m/home/runner/work/MaintAInPro/MaintAInPro/[39mnode_modules/[4mplaywright[24m/lib/worker/workerMain.js:299:11
    at TestInfoImpl._runAsStep [90m(/home/runner/work/MaintAInPro/MaintAInPro/[39mnode_modules/[4mplaywright[24m/lib/worker/testInfo.js:315:7[90m)[39m
    at [90m/home/runner/work/MaintAInPro/MaintAInPro/[39mnode_modules/[4mplaywright[24m/lib/worker/workerMain.js:297:7
    at WorkerMain._runTest [90m(/home/runner/work/MaintAInPro/MaintAInPro/[39mnode_modules/[4mplaywright[24m/lib/worker/workerMain.js:282:5[90m)[39m
    at WorkerMain.runTestGroup [90m(/home/runner/work/MaintAInPro/MaintAInPro/[39mnode_modules/[4mplaywright[24m/lib/worker/workerMain.js:194:11[90m)[39m
    at process.<anonymous> [90m(/home/runner/work/MaintAInPro/MaintAInPro/[39mnode_modules/[4mplaywright[24m/lib/common/process.js:65:22[90m)[39m
Failed to parse login response as JSON: SyntaxError: Unexpected token 'T', "Too many a"... is not valid JSON
    at JSON.parse (<anonymous>)
    at [90mfile:///home/runner/work/MaintAInPro/MaintAInPro/[39mtests/e2e/main-flows.spec.ts:44:19
    at [90m/home/runner/work/MaintAInPro/MaintAInPro/[39mnode_modules/[4mplaywright[24m/lib/worker/testInfo.js:326:11
    at TimeoutManager.withRunnable [90m(/home/runner/work/MaintAInPro/MaintAInPro/[39mnode_modules/[4mplaywright[24m/lib/worker/timeoutManager.js:67:14[90m)[39m
    at TestInfoImpl._runWithTimeout [90m(/home/runner/work/MaintAInPro/MaintAInPro/[39mnode_modules/[4mplaywright[24m/lib/worker/testInfo.js:324:7[90m)[39m
    at FixtureRunner.resolveParametersAndRunFunction [90m(/home/runner/work/MaintAInPro/MaintAInPro/[39mnode_modules/[4mplaywright[24m/lib/worker/fixtureRunner.js:220:5[90m)[39m
    at [90m/home/runner/work/MaintAInPro/MaintAInPro/[39mnode_modules/[4mplaywright[24m/lib/worker/workerMain.js:428:13
    at TestInfoImpl._runAsStep [90m(/home/runner/work/MaintAInPro/MaintAInPro/[39mnode_modules/[4mplaywright[24m/lib/worker/testInfo.js:315:7[90m)[39m
    at WorkerMain._runAllHooksForSuite [90m(/home/runner/work/MaintAInPro/MaintAInPro/[39mnode_modules/[4mplaywright[24m/lib/worker/workerMain.js:423:9[90m)[39m
    at WorkerMain._runBeforeAllHooksForSuite [90m(/home/runner/work/MaintAInPro/MaintAInPro/[39mnode_modules/[4mplaywright[24m/lib/worker/workerMain.js:417:5[90m)[39m
    at [90m/home/runner/work/MaintAInPro/MaintAInPro/[39mnode_modules/[4mplaywright[24m/lib/worker/workerMain.js:299:11
    at TestInfoImpl._runAsStep [90m(/home/runner/work/MaintAInPro/MaintAInPro/[39mnode_modules/[4mplaywright[24m/lib/worker/testInfo.js:315:7[90m)[39m
    at [90m/home/runner/work/MaintAInPro/MaintAInPro/[39mnode_modules/[4mplaywright[24m/lib/worker/workerMain.js:297:7
    at WorkerMain._runTest [90m(/home/runner/work/MaintAInPro/MaintAInPro/[39mnode_modules/[4mplaywright[24m/lib/worker/workerMain.js:282:5[90m)[39m
    at WorkerMain.runTestGroup [90m(/home/runner/work/MaintAInPro/MaintAInPro/[39mnode_modules/[4mplaywright[24m/lib/worker/workerMain.js:194:11[90m)[39m
    at process.<anonymous> [90m(/home/runner/work/MaintAInPro/MaintAInPro/[39mnode_modules/[4mplaywright[24m/lib/common/process.js:65:22[90m)[39m
]]>
</system-err>
</testcase>
</testsuite>
<testsuite name="sanity.spec.ts" timestamp="2025-08-26T01:26:08.048Z" hostname="chromium" tests="1" failures="1" skipped="0" time="0.014" errors="0">
<testcase name="sanity: homepage loads and root element is visible" classname="sanity.spec.ts" time="0.014">
<failure message="sanity.spec.ts:3:1 sanity: homepage loads and root element is visible" type="FAILURE">
<![CDATA[  [chromium] › sanity.spec.ts:3:1 › sanity: homepage loads and root element is visible ─────────────

    Error: browserType.launch: Executable doesn't exist at /home/runner/.cache/ms-playwright/chromium_headless_shell-1187/chrome-linux/headless_shell
    ╔═════════════════════════════════════════════════════════════════════════╗
    ║ Looks like Playwright Test or Playwright was just installed or updated. ║
    ║ Please run the following command to download new browsers:              ║
    ║                                                                         ║
    ║     npx playwright install                                              ║
    ║                                                                         ║
    ║ <3 Playwright Team                                                      ║
    ╚═════════════════════════════════════════════════════════════════════════╝

    Retry #1 ───────────────────────────────────────────────────────────────────────────────────────

    Error: browserType.launch: Executable doesn't exist at /home/runner/.cache/ms-playwright/chromium_headless_shell-1187/chrome-linux/headless_shell
    ╔═════════════════════════════════════════════════════════════════════════╗
    ║ Looks like Playwright Test or Playwright was just installed or updated. ║
    ║ Please run the following command to download new browsers:              ║
    ║                                                                         ║
    ║     npx playwright install                                              ║
    ║                                                                         ║
    ║ <3 Playwright Team                                                      ║
    ╚═════════════════════════════════════════════════════════════════════════╝

    Retry #2 ───────────────────────────────────────────────────────────────────────────────────────

    Error: browserType.launch: Executable doesn't exist at /home/runner/.cache/ms-playwright/chromium_headless_shell-1187/chrome-linux/headless_shell
    ╔═════════════════════════════════════════════════════════════════════════╗
    ║ Looks like Playwright Test or Playwright was just installed or updated. ║
    ║ Please run the following command to download new browsers:              ║
    ║                                                                         ║
    ║     npx playwright install                                              ║
    ║                                                                         ║
    ║ <3 Playwright Team                                                      ║
    ╚═════════════════════════════════════════════════════════════════════════╝
]]>
</failure>
</testcase>
</testsuite>
</testsuites>